2024-10-16 22:23:45,522 [INFO] Activator:176 - 


2024-10-16 22:23:45,522 [INFO] Activator:177 - !SESSION log4j initialized
2024-10-16 22:23:49,497 [INFO] LogOutputStream:77 - [STDOUT_REDIRECT] 
2024-10-16 22:23:52,584 [INFO] ApplicationProperties:184 - Using Application install path: C:\ST\STM32CubeIDE_1.16.0\STM32CubeIDE\plugins\com.st.stm32cube.common.mx_6.12.0.202406281431
2024-10-16 22:23:52,607 [INFO] DbMcusXml:78 - Set database path to: C:\ST\STM32CubeIDE_1.16.0\STM32CubeIDE\plugins\com.st.stm32cube.common.mx_6.12.0.202406281431\\db\/mcu/
2024-10-16 22:23:52,608 [INFO] ApiDb:274 - Set plugin database path to: C:\ST\STM32CubeIDE_1.16.0\STM32CubeIDE\plugins\com.st.stm32cube.common.mx_6.12.0.202406281431\\db\/plugins/boardmanager/
2024-10-16 22:23:52,608 [WARN] ApiDb:259 - Overriding images path with different value:  => C:\ST\STM32CubeIDE_1.16.0\STM32CubeIDE\plugins\com.st.stm32cube.common.mx_6.12.0.202406281431\\db\/plugins/mcufinder/images/
2024-10-16 22:23:54,018 [WARN] ApiFinderProperties:113 - C:\Users\duvvu\.stmcufinder\plugins\mcufinder\mcu\mcuFinder.mfd doesn't exist
2024-10-16 22:23:54,018 [INFO] ApiDb:250 - Set database path to: C:\Users\duvvu\.stmcufinder\plugins\mcufinder//mcu/
2024-10-16 22:23:54,021 [INFO] DbMcusAds:125 - Set database path to: C:\Users\duvvu\.stmcufinder\plugins\mcufinder//mcu/
2024-10-16 22:23:54,024 [INFO] CrossReferenceDbSqlite:203 - Set database path to: C:\Users\duvvu\.stmcufinder\plugins\mcufinder//mcu/cs/
2024-10-16 22:23:54,169 [INFO] RulesReader:64 - Compatibility file has been processed (297 Rules)
2024-10-16 22:23:54,279 [INFO] DbMcusXml:78 - Set database path to: C:\ST\STM32CubeIDE_1.16.0\STM32CubeIDE\plugins\com.st.stm32cube.common.mx_6.12.0.202406281431\\db\/mcu/
2024-10-16 22:23:54,279 [INFO] ApiDb:274 - Set plugin database path to: C:\ST\STM32CubeIDE_1.16.0\STM32CubeIDE\plugins\com.st.stm32cube.common.mx_6.12.0.202406281431\\db\/plugins/boardmanager/
2024-10-16 22:23:54,279 [INFO] ApiDb:261 - Set plugin images path to: C:\ST\STM32CubeIDE_1.16.0\STM32CubeIDE\plugins\com.st.stm32cube.common.mx_6.12.0.202406281431\\db\/plugins/mcufinder/images/
2024-10-16 22:23:54,279 [WARN] DbFile:41 - Overriding database path with different value: C:\Users\duvvu\.stmcufinder\plugins\mcufinder/ => C:\Users\duvvu\.stmcufinder\plugins\mcufinder
2024-10-16 22:23:54,279 [INFO] ApiDb:250 - Set database path to: C:\Users\duvvu\.stmcufinder\plugins\mcufinder//mcu/
2024-10-16 22:23:54,279 [WARN] DbFile:41 - Overriding database path with different value: C:\Users\duvvu\.stmcufinder\plugins\mcufinder/ => C:\Users\duvvu\.stmcufinder\plugins\mcufinder
2024-10-16 22:23:54,280 [INFO] DbMcusAds:125 - Set database path to: C:\Users\duvvu\.stmcufinder\plugins\mcufinder//mcu/
2024-10-16 22:23:54,280 [WARN] DbFile:41 - Overriding database path with different value: C:\Users\duvvu\.stmcufinder\plugins\mcufinder/ => C:\Users\duvvu\.stmcufinder\plugins\mcufinder
2024-10-16 22:23:54,280 [WARN] DbFile:41 - Overriding database path with different value: C:\Users\duvvu\.stmcufinder\plugins\mcufinder/ => C:\Users\duvvu\.stmcufinder\plugins\mcufinder
2024-10-16 22:23:54,280 [INFO] CrossReferenceDbSqlite:203 - Set database path to: C:\Users\duvvu\.stmcufinder\plugins\mcufinder//mcu/cs/
2024-10-16 22:23:54,387 [INFO] MainPanel:268 - HeapMemory: 268435456
2024-10-16 22:23:54,556 [INFO] DbMcusXml:78 - Set database path to: C:\ST\STM32CubeIDE_1.16.0\STM32CubeIDE\plugins\com.st.stm32cube.common.mx_6.12.0.202406281431\\db\/mcu/
2024-10-16 22:23:54,556 [INFO] ApiDb:274 - Set plugin database path to: C:\ST\STM32CubeIDE_1.16.0\STM32CubeIDE\plugins\com.st.stm32cube.common.mx_6.12.0.202406281431\\db\/plugins/boardmanager/
2024-10-16 22:23:54,556 [INFO] ApiDb:261 - Set plugin images path to: C:\ST\STM32CubeIDE_1.16.0\STM32CubeIDE\plugins\com.st.stm32cube.common.mx_6.12.0.202406281431\\db\/plugins/mcufinder/images/
2024-10-16 22:23:54,556 [WARN] DbFile:41 - Overriding database path with different value: C:\Users\duvvu\.stmcufinder\plugins\mcufinder/ => C:\Users\duvvu\.stmcufinder\plugins\mcufinder
2024-10-16 22:23:54,557 [INFO] ApiDb:250 - Set database path to: C:\Users\duvvu\.stmcufinder\plugins\mcufinder//mcu/
2024-10-16 22:23:54,557 [WARN] DbFile:41 - Overriding database path with different value: C:\Users\duvvu\.stmcufinder\plugins\mcufinder/ => C:\Users\duvvu\.stmcufinder\plugins\mcufinder
2024-10-16 22:23:54,557 [INFO] DbMcusAds:125 - Set database path to: C:\Users\duvvu\.stmcufinder\plugins\mcufinder//mcu/
2024-10-16 22:23:54,557 [WARN] DbFile:41 - Overriding database path with different value: C:\Users\duvvu\.stmcufinder\plugins\mcufinder/ => C:\Users\duvvu\.stmcufinder\plugins\mcufinder
2024-10-16 22:23:54,557 [WARN] DbFile:41 - Overriding database path with different value: C:\Users\duvvu\.stmcufinder\plugins\mcufinder/ => C:\Users\duvvu\.stmcufinder\plugins\mcufinder
2024-10-16 22:23:54,557 [INFO] CrossReferenceDbSqlite:203 - Set database path to: C:\Users\duvvu\.stmcufinder\plugins\mcufinder//mcu/cs/
2024-10-16 22:23:54,580 [INFO] ApplicationProperties:184 - Using Application install path: C:\ST\STM32CubeIDE_1.16.0\STM32CubeIDE\plugins\com.st.stm32cube.common.mx_6.12.0.202406281431
2024-10-16 22:23:54,584 [INFO] PluginManage:196 - Search for loadable plugins [exclusion list=, ]
2024-10-16 22:23:54,586 [INFO] PluginManage:310 - Check plugin analytics
2024-10-16 22:23:54,803 [INFO] AnalyticsPlugin:253 - Accepted Software Licenses: 
2024-10-16 22:23:54,804 [INFO] AnalyticsPlugin:255 - Accepted CMSIS Pack Licenses: 
2024-10-16 22:23:54,804 [INFO] AnalyticsPlugin:257 - Accepted Firmware Licenses: 
2024-10-16 22:23:54,806 [INFO] PluginManage:359 - Loaded plugin analytics (category:tool,tabindex:-1)
2024-10-16 22:23:54,807 [INFO] PluginManage:310 - Check plugin cadmodel
2024-10-16 22:23:54,827 [INFO] CADModel:105 - Init CAD model plugin
2024-10-16 22:23:54,828 [INFO] PluginManage:359 - Loaded plugin cadmodel (category:power,tabindex:5)
2024-10-16 22:23:54,828 [INFO] PluginManage:310 - Check plugin clock
2024-10-16 22:23:54,848 [INFO] PluginManage:359 - Loaded plugin clock (category:base,tabindex:2)
2024-10-16 22:23:54,848 [INFO] PluginManage:310 - Check plugin ddr
2024-10-16 22:23:54,852 [INFO] PluginManage:359 - Loaded plugin ddr (category:tool,tabindex:6)
2024-10-16 22:23:54,852 [INFO] PluginManage:310 - Check plugin filemanager
2024-10-16 22:23:55,064 [INFO] PluginManage:359 - Loaded plugin filemanager (category:base,tabindex:10)
2024-10-16 22:23:55,064 [INFO] PluginManage:310 - Check plugin ipmanager
2024-10-16 22:23:55,075 [INFO] PluginManage:359 - Loaded plugin ipmanager (category:base,tabindex:5)
2024-10-16 22:23:55,075 [INFO] PluginManage:310 - Check plugin lpbam
2024-10-16 22:23:55,097 [INFO] PluginManage:359 - Loaded plugin lpbam (category:base,tabindex:0)
2024-10-16 22:23:55,097 [INFO] PluginManage:310 - Check plugin memorymap
2024-10-16 22:23:55,125 [INFO] PluginManage:359 - Loaded plugin memorymap (category:base,tabindex:4)
2024-10-16 22:23:55,125 [INFO] PluginManage:310 - Check plugin pinoutandconfiguration
2024-10-16 22:23:55,144 [INFO] PluginManage:359 - Loaded plugin pinoutandconfiguration (category:base,tabindex:1)
2024-10-16 22:23:55,144 [INFO] PluginManage:310 - Check plugin pinoutconfig
2024-10-16 22:23:55,247 [WARN] SupportedApi:132 - Cannot load RTOS API schema: s4s-elt-must-match.1: The content of 'definitions' must match (annotation?, (simpleType | complexType)?, (unique | key | keyref)*)). A problem was found starting at: attribute.
2024-10-16 22:23:55,404 [INFO] PluginManage:359 - Loaded plugin pinoutconfig (category:base,tabindex:0)
2024-10-16 22:23:55,405 [INFO] PluginManage:310 - Check plugin power
2024-10-16 22:23:55,426 [INFO] PluginManage:359 - Loaded plugin power (category:power,tabindex:4)
2024-10-16 22:23:55,426 [INFO] PluginManage:310 - Check plugin projectmanager
2024-10-16 22:23:55,445 [INFO] PluginManage:359 - Loaded plugin projectmanager (category:projectmanager,tabindex:4)
2024-10-16 22:23:55,445 [INFO] PluginManage:310 - Check plugin rif
2024-10-16 22:23:55,462 [INFO] PluginManage:359 - Loaded plugin rif (category:base,tabindex:3)
2024-10-16 22:23:55,464 [INFO] PluginManage:310 - Check plugin thirdparty
2024-10-16 22:23:55,783 [INFO] PluginManage:359 - Loaded plugin thirdparty (category:base,tabindex:-1)
2024-10-16 22:23:55,783 [INFO] PluginManage:310 - Check plugin tools
2024-10-16 22:23:55,783 [WARN] IntegrityCheckThread:84 - waiting for thirdparty lock release [integrity check]
2024-10-16 22:23:55,783 [INFO] IntegrityCheckThread:86 - entering critical section [integrity check]
2024-10-16 22:23:55,784 [INFO] ThirdPartyUpdaterWithRetryManager:70 - Updater plugin not ready yet. [1/15]
2024-10-16 22:23:55,824 [INFO] PluginManage:359 - Loaded plugin tools (category:base,tabindex:7)
2024-10-16 22:23:55,824 [INFO] PluginManage:310 - Check plugin tutovideos
2024-10-16 22:23:56,029 [INFO] PluginManage:359 - Loaded plugin tutovideos (category:base,tabindex:-1)
2024-10-16 22:23:56,029 [INFO] PluginManage:310 - Check plugin updater
2024-10-16 22:23:56,051 [INFO] PluginManage:359 - Loaded plugin updater (category:base,tabindex:12)
2024-10-16 22:23:56,052 [INFO] PluginManage:310 - Check plugin userauth
2024-10-16 22:23:56,061 [INFO] UserAuth:113 - Init User Auth plugin
2024-10-16 22:23:56,061 [INFO] PluginManage:359 - Loaded plugin userauth (category:base,tabindex:14)
2024-10-16 22:23:56,062 [INFO] PluginManage:283 - PluginManage : Loaded plugins [18]
2024-10-16 22:23:56,301 [INFO] PinOutPanel:1561 - setPackage(No Configuration,No Configuration)
2024-10-16 22:23:56,395 [INFO] CADModel:165 - CPN selected for project level
2024-10-16 22:23:56,395 [INFO] CADModel:114 - Register for checkConnection events
2024-10-16 22:23:56,422 [INFO] IPUIPlugin:80 - create IPUIPlugin
2024-10-16 22:23:56,422 [INFO] PluginManager:220 - loadIPPluginJar : add adc
2024-10-16 22:23:56,462 [INFO] IPUIPlugin:80 - create IPUIPlugin
2024-10-16 22:23:56,462 [INFO] PluginManager:220 - loadIPPluginJar : add aes
2024-10-16 22:23:56,505 [INFO] IPUIPlugin:80 - create IPUIPlugin
2024-10-16 22:23:56,505 [INFO] PluginManager:220 - loadIPPluginJar : add can
2024-10-16 22:23:56,531 [INFO] IPUIPlugin:80 - create IPUIPlugin
2024-10-16 22:23:56,531 [INFO] PluginManager:220 - loadIPPluginJar : add comp
2024-10-16 22:23:56,565 [INFO] IPUIPlugin:80 - create IPUIPlugin
2024-10-16 22:23:56,565 [INFO] PluginManager:220 - loadIPPluginJar : add cryp
2024-10-16 22:23:56,580 [INFO] IPUIPlugin:80 - create IPUIPlugin
2024-10-16 22:23:56,580 [INFO] PluginManager:220 - loadIPPluginJar : add ddr_ctrl_phy
2024-10-16 22:23:56,614 [INFO] IPUIPlugin:80 - create IPUIPlugin
2024-10-16 22:23:56,615 [INFO] PluginManager:220 - loadIPPluginJar : add dfsdm
2024-10-16 22:23:56,630 [INFO] IPUIPlugin:80 - create IPUIPlugin
2024-10-16 22:23:56,630 [INFO] PluginManager:220 - loadIPPluginJar : add dma
2024-10-16 22:23:56,681 [INFO] IPUIPlugin:80 - create IPUIPlugin
2024-10-16 22:23:56,681 [INFO] PluginManager:220 - loadIPPluginJar : add dma3
2024-10-16 22:23:56,731 [INFO] IPUIPlugin:80 - create IPUIPlugin
2024-10-16 22:23:56,731 [INFO] PluginManager:220 - loadIPPluginJar : add extmemmanager
2024-10-16 22:23:56,754 [INFO] IPUIPlugin:80 - create IPUIPlugin
2024-10-16 22:23:56,754 [INFO] PluginManager:220 - loadIPPluginJar : add fatfs
2024-10-16 22:23:56,805 [INFO] IPUIPlugin:80 - create IPUIPlugin
2024-10-16 22:23:56,805 [INFO] PluginManager:220 - loadIPPluginJar : add fmc
2024-10-16 22:23:56,820 [INFO] IPUIPlugin:80 - create IPUIPlugin
2024-10-16 22:23:56,820 [INFO] PluginManager:220 - loadIPPluginJar : add freertos
2024-10-16 22:23:56,852 [INFO] IPUIPlugin:80 - create IPUIPlugin
2024-10-16 22:23:56,852 [INFO] PluginManager:220 - loadIPPluginJar : add genericplugin
2024-10-16 22:23:56,965 [INFO] IPUIPlugin:80 - create IPUIPlugin
2024-10-16 22:23:56,965 [INFO] PluginManager:220 - loadIPPluginJar : add gfxmmu
2024-10-16 22:23:57,108 [INFO] IPUIPlugin:80 - create IPUIPlugin
2024-10-16 22:23:57,108 [INFO] PluginManager:220 - loadIPPluginJar : add gic
2024-10-16 22:23:57,123 [INFO] IPUIPlugin:80 - create IPUIPlugin
2024-10-16 22:23:57,124 [INFO] PluginManager:220 - loadIPPluginJar : add gpio
2024-10-16 22:23:57,276 [INFO] IPUIPlugin:80 - create IPUIPlugin
2024-10-16 22:23:57,276 [INFO] PluginManager:220 - loadIPPluginJar : add gtzc
2024-10-16 22:23:57,322 [INFO] IPUIPlugin:80 - create IPUIPlugin
2024-10-16 22:23:57,322 [INFO] PluginManager:220 - loadIPPluginJar : add hash
2024-10-16 22:23:57,390 [INFO] IPUIPlugin:80 - create IPUIPlugin
2024-10-16 22:23:57,390 [INFO] PluginManager:220 - loadIPPluginJar : add i2c
2024-10-16 22:23:57,432 [INFO] IPUIPlugin:80 - create IPUIPlugin
2024-10-16 22:23:57,432 [INFO] PluginManager:220 - loadIPPluginJar : add i2s
2024-10-16 22:23:57,475 [INFO] IPUIPlugin:80 - create IPUIPlugin
2024-10-16 22:23:57,475 [INFO] PluginManager:220 - loadIPPluginJar : add i3c
2024-10-16 22:23:57,594 [INFO] IPUIPlugin:80 - create IPUIPlugin
2024-10-16 22:23:57,594 [INFO] PluginManager:220 - loadIPPluginJar : add ipddr
2024-10-16 22:23:57,699 [INFO] IPUIPlugin:80 - create IPUIPlugin
2024-10-16 22:23:57,699 [INFO] PluginManager:220 - loadIPPluginJar : add linkedlist
2024-10-16 22:23:57,740 [INFO] IPUIPlugin:80 - create IPUIPlugin
2024-10-16 22:23:57,740 [INFO] PluginManager:220 - loadIPPluginJar : add lorawan
2024-10-16 22:23:57,781 [INFO] IPUIPlugin:80 - create IPUIPlugin
2024-10-16 22:23:57,781 [INFO] PluginManager:220 - loadIPPluginJar : add ltdc
2024-10-16 22:23:57,798 [INFO] IPUIPlugin:80 - create IPUIPlugin
2024-10-16 22:23:57,799 [INFO] PluginManager:220 - loadIPPluginJar : add mdma
2024-10-16 22:23:57,814 [INFO] IPUIPlugin:80 - create IPUIPlugin
2024-10-16 22:23:57,814 [INFO] PluginManager:220 - loadIPPluginJar : add nvic
2024-10-16 22:23:57,872 [INFO] IPUIPlugin:80 - create IPUIPlugin
2024-10-16 22:23:57,872 [INFO] PluginManager:220 - loadIPPluginJar : add opamp
2024-10-16 22:23:57,949 [INFO] IPUIPlugin:80 - create IPUIPlugin
2024-10-16 22:23:57,950 [INFO] PluginManager:220 - loadIPPluginJar : add openamp
2024-10-16 22:23:57,999 [INFO] IPUIPlugin:80 - create IPUIPlugin
2024-10-16 22:23:57,999 [INFO] PluginManager:220 - loadIPPluginJar : add pdm2pcm
2024-10-16 22:23:58,014 [INFO] IPUIPlugin:80 - create IPUIPlugin
2024-10-16 22:23:58,016 [INFO] PluginManager:220 - loadIPPluginJar : add plateformsettings
2024-10-16 22:23:58,043 [INFO] IPUIPlugin:80 - create IPUIPlugin
2024-10-16 22:23:58,043 [INFO] PluginManager:220 - loadIPPluginJar : add quadspi
2024-10-16 22:23:58,075 [INFO] IPUIPlugin:80 - create IPUIPlugin
2024-10-16 22:23:58,076 [INFO] PluginManager:220 - loadIPPluginJar : add radio
2024-10-16 22:23:58,091 [INFO] IPUIPlugin:80 - create IPUIPlugin
2024-10-16 22:23:58,091 [INFO] PluginManager:220 - loadIPPluginJar : add resmgrutility
2024-10-16 22:23:58,147 [INFO] IPUIPlugin:80 - create IPUIPlugin
2024-10-16 22:23:58,147 [INFO] PluginManager:220 - loadIPPluginJar : add sai
2024-10-16 22:23:58,192 [INFO] IPUIPlugin:80 - create IPUIPlugin
2024-10-16 22:23:58,192 [INFO] PluginManager:220 - loadIPPluginJar : add spi
2024-10-16 22:23:58,273 [INFO] IPUIPlugin:80 - create IPUIPlugin
2024-10-16 22:23:58,273 [INFO] PluginManager:220 - loadIPPluginJar : add stm32_wpan
2024-10-16 22:23:58,300 [INFO] IPUIPlugin:80 - create IPUIPlugin
2024-10-16 22:23:58,300 [INFO] PluginManager:220 - loadIPPluginJar : add tim
2024-10-16 22:23:58,370 [INFO] IPUIPlugin:80 - create IPUIPlugin
2024-10-16 22:23:58,370 [INFO] PluginManager:220 - loadIPPluginJar : add touchsensing
2024-10-16 22:23:58,397 [INFO] IPUIPlugin:80 - create IPUIPlugin
2024-10-16 22:23:58,397 [INFO] PluginManager:220 - loadIPPluginJar : add tracer_emb
2024-10-16 22:23:58,425 [INFO] IPUIPlugin:80 - create IPUIPlugin
2024-10-16 22:23:58,425 [INFO] PluginManager:220 - loadIPPluginJar : add ts
2024-10-16 22:23:58,449 [INFO] IPUIPlugin:80 - create IPUIPlugin
2024-10-16 22:23:58,449 [INFO] PluginManager:220 - loadIPPluginJar : add tsc
2024-10-16 22:23:58,476 [INFO] IPUIPlugin:80 - create IPUIPlugin
2024-10-16 22:23:58,477 [INFO] PluginManager:220 - loadIPPluginJar : add ucpd
2024-10-16 22:23:58,527 [INFO] IPUIPlugin:80 - create IPUIPlugin
2024-10-16 22:23:58,528 [INFO] PluginManager:220 - loadIPPluginJar : add usart
2024-10-16 22:23:58,577 [INFO] IPUIPlugin:80 - create IPUIPlugin
2024-10-16 22:23:58,577 [INFO] PluginManager:220 - loadIPPluginJar : add usbx
2024-10-16 22:23:58,718 [INFO] CADModel:165 - CPN selected for project level
2024-10-16 22:23:58,718 [INFO] CADModel:114 - Register for checkConnection events
2024-10-16 22:23:58,718 [FATAL] Updater:334 - Updater called before beeing initialized
2024-10-16 22:23:58,718 [ERROR] CADModel:125 - Updater not yet initialized, retry later 
2024-10-16 22:23:58,794 [INFO] ThirdPartyUpdaterWithRetryManager:70 - Updater plugin not ready yet. [2/15]
2024-10-16 22:23:58,867 [INFO] CADModel:165 - CPN selected for project level
2024-10-16 22:23:58,867 [INFO] CADModel:114 - Register for checkConnection events
2024-10-16 22:23:58,867 [FATAL] Updater:334 - Updater called before beeing initialized
2024-10-16 22:23:58,867 [ERROR] CADModel:125 - Updater not yet initialized, retry later 
2024-10-16 22:23:58,873 [FATAL] Updater:334 - Updater called before beeing initialized
2024-10-16 22:23:58,991 [FATAL] Updater:334 - Updater called before beeing initialized
2024-10-16 22:23:58,997 [INFO] DbMcusAds:53 - JSON generation date=Thu Sep 30 08:55:09 CEST 2021 (1632984909247)
2024-10-16 22:23:58,997 [FATAL] Updater:334 - Updater called before beeing initialized
2024-10-16 22:23:59,055 [WARN] DetailPanel:346 - Failed to get advertising image, set to default
2024-10-16 22:23:59,184 [FATAL] Updater:334 - Updater called before beeing initialized
2024-10-16 22:23:59,188 [FATAL] Updater:334 - Updater called before beeing initialized
2024-10-16 22:23:59,188 [FATAL] Updater:334 - Updater called before beeing initialized
2024-10-16 22:23:59,188 [WARN] DetailPanel:346 - Failed to get advertising image, set to default
2024-10-16 22:23:59,189 [FATAL] Updater:334 - Updater called before beeing initialized
2024-10-16 22:23:59,259 [ERROR] Updater:1164 - MainUpdater not yet initialized. External WinMGr cannot be set.
2024-10-16 22:23:59,273 [INFO] Updater:1100 - Updater Version found : 6.12.0
2024-10-16 22:23:59,294 [INFO] ApplicationProperties:184 - Using Application install path: C:\ST\STM32CubeIDE_1.16.0\STM32CubeIDE\plugins\com.st.stm32cube.common.mx_6.12.0.202406281431
2024-10-16 22:24:00,903 [ERROR] LogOutputStream:75 - [STDERR_REDIRECT] Oct 16, 2024 10:24:00 PM java.util.prefs.WindowsPreferences <init>
2024-10-16 22:24:00,906 [ERROR] LogOutputStream:75 - [STDERR_REDIRECT] WARNING: Could not open/create prefs root node Software\JavaSoft\Prefs at root 0xffffffff80000002. Windows RegCreateKeyEx(...) returned error code 5.
2024-10-16 22:24:00,906 [ERROR] LogOutputStream:75 - [STDERR_REDIRECT] 
2024-10-16 22:24:00,930 [INFO] MainUpdater:526 - Copy updater definitions from MX database
2024-10-16 22:24:00,975 [INFO] MainUpdater:559 - Copy flag file definitions from MX database
2024-10-16 22:24:00,977 [INFO] MainUpdater:575 - Copy thirdparty index definitions from MX database
2024-10-16 22:24:00,979 [INFO] MainUpdater:594 - Copy default thirdparty db definitions from MX database
2024-10-16 22:24:01,233 [INFO] MainUpdater:2873 - connection check result : 10
2024-10-16 22:24:01,233 [INFO] MainUpdater:3567 - Updater definition file requires update
2024-10-16 22:24:01,234 [INFO] MainUpdater:290 - Updater Check For Update Now.
2024-10-16 22:24:01,234 [INFO] MicroXplorer:498 - Change Database Version : DB.6.0.120
2024-10-16 22:24:01,252 [INFO] McuFinderGlobals:63 - Set McuFinder mode to 2 (CubeIDE integrated)
2024-10-16 22:24:01,253 [INFO] UserAuth:179 - activating auth plugin
2024-10-16 22:24:01,255 [INFO] UserAuth:417 - Internet connection configuration mode: 1
2024-10-16 22:24:01,271 [INFO] JxBrowserEngine:152 - Initiate JxBrowser Engine with user profile folder
2024-10-16 22:24:01,381 [INFO] ServerAccessManage:473 - Download File updaters.zip
2024-10-16 22:24:01,496 [INFO] FileExtend:240 - Unzip File : updaters.zip
2024-10-16 22:24:01,496 [INFO] FileExtend:255 - Standard Zip Deflate
2024-10-16 22:24:01,818 [WARN] MainUpdater:1194 - Updater busy. Cannot search thirdparties
2024-10-16 22:24:01,819 [INFO] ThirdPartyUpdaterWithRetryManager:96 - Updater plugin is busy. [1/15]
2024-10-16 22:24:02,116 [INFO] ServerAccessManage:473 - Download File PacksControlFlags.xml
2024-10-16 22:24:02,296 [INFO] ServerAccessManage:473 - Download File cubemx.pidx
2024-10-16 22:24:02,546 [INFO] ServerAccessManage:473 - Download File STMicroelectronics.FP-ATR-ASTRA1.pdsc
2024-10-16 22:24:02,718 [INFO] ServerAccessManage:473 - Download File STMicroelectronics.FP-ATR-SIGFOX1.pdsc
2024-10-16 22:24:02,827 [INFO] ServerAccessManage:473 - Download File STMicroelectronics.FP-SNS-STBOX1.pdsc
2024-10-16 22:24:02,983 [INFO] ServerAccessManage:473 - Download File STMicroelectronics.FP-SNS-FLIGHT1.pdsc
2024-10-16 22:24:03,234 [INFO] ServerAccessManage:473 - Download File STMicroelectronics.FP-SNS-MOTENV1.pdsc
2024-10-16 22:24:03,559 [INFO] ServerAccessManage:473 - Download File STMicroelectronics.FP-SNS-MOTENVWB1.pdsc
2024-10-16 22:24:03,839 [INFO] ServerAccessManage:473 - Download File STMicroelectronics.FP-SNS-SMARTAG2.pdsc
2024-10-16 22:24:03,946 [INFO] ServerAccessManage:473 - Download File STMicroelectronics.X-CUBE-AI.pdsc
2024-10-16 22:24:04,825 [WARN] MainUpdater:1194 - Updater busy. Cannot search thirdparties
2024-10-16 22:24:04,825 [INFO] ThirdPartyUpdaterWithRetryManager:96 - Updater plugin is busy. [2/15]
2024-10-16 22:24:04,846 [INFO] ServerAccessManage:473 - Download File STMicroelectronics.X-CUBE-ALS.pdsc
2024-10-16 22:24:05,043 [INFO] ServerAccessManage:473 - Download File STMicroelectronics.X-CUBE-BLE1.pdsc
2024-10-16 22:24:05,749 [ERROR] ServerAccessManage:1089 - Problem, file not found on Server
2024-10-16 22:24:05,789 [INFO] ServerAccessManage:473 - Download File STMicroelectronics.X-CUBE-BLE2.pdsc
2024-10-16 22:24:06,181 [INFO] ServerAccessManage:473 - Download File STMicroelectronics.X-CUBE-BLEMGR.pdsc
2024-10-16 22:24:06,487 [INFO] WebApp:167 - Instantiating new browser for Auth
2024-10-16 22:24:06,584 [INFO] ServerAccessManage:473 - Download File STMicroelectronics.X-CUBE-DISPLAY.pdsc
2024-10-16 22:24:06,869 [INFO] ServerAccessManage:473 - Download File STMicroelectronics.X-CUBE-DPOWER.pdsc
2024-10-16 22:24:07,024 [ERROR] ServerAccessManage:1089 - Problem, file not found on Server
2024-10-16 22:24:07,197 [ERROR] ServerAccessManage:1089 - Problem, file not found on Server
2024-10-16 22:24:07,368 [ERROR] ServerAccessManage:1089 - Problem, file not found on Server
2024-10-16 22:24:07,465 [INFO] WebApp:448 - Apply proxy settings
2024-10-16 22:24:07,466 [INFO] WebApp:533 - Chromium requires no authentication
2024-10-16 22:24:07,467 [ERROR] ServerAccessManage:1089 - Problem, file not found on Server
2024-10-16 22:24:07,502 [INFO] WebApp:476 - Direct internet connection detected
2024-10-16 22:24:07,571 [INFO] WebApp:869 - Register for checkConnection events
2024-10-16 22:24:07,571 [INFO] WebApp:448 - Apply proxy settings
2024-10-16 22:24:07,571 [INFO] WebApp:533 - Chromium requires no authentication
2024-10-16 22:24:07,571 [INFO] WebApp:476 - Direct internet connection detected
2024-10-16 22:24:07,572 [ERROR] ServerAccessManage:1089 - Problem, file not found on Server
2024-10-16 22:24:07,661 [ERROR] ServerAccessManage:1089 - Problem, file not found on Server
2024-10-16 22:24:07,748 [ERROR] ServerAccessManage:1089 - Problem, file not found on Server
2024-10-16 22:24:07,806 [INFO] WebApp:186 - Connection restablished
2024-10-16 22:24:07,831 [WARN] MainUpdater:1194 - Updater busy. Cannot search thirdparties
2024-10-16 22:24:07,831 [INFO] ThirdPartyUpdaterWithRetryManager:96 - Updater plugin is busy. [3/15]
2024-10-16 22:24:07,899 [ERROR] ServerAccessManage:1089 - Problem, file not found on Server
2024-10-16 22:24:07,978 [INFO] WebApp:220 - Starting web application
2024-10-16 22:24:07,980 [INFO] WebApp:578 - Web application path used C:\ST\STM32CubeIDE_1.16.0\STM32CubeIDE\plugins\com.st.stm32cube.common.mx_6.12.0.202406281431\db\plugins\mcufinder\reactClient1\index.html
2024-10-16 22:24:08,104 [ERROR] ServerAccessManage:1089 - Problem, file not found on Server
2024-10-16 22:24:08,300 [ERROR] ServerAccessManage:1089 - Problem, file not found on Server
2024-10-16 22:24:08,473 [ERROR] ServerAccessManage:1089 - Problem, file not found on Server
2024-10-16 22:24:08,510 [INFO] ServerAccessManage:473 - Download File STMicroelectronics.X-CUBE-EEPRMA1.pdsc
2024-10-16 22:24:08,740 [ERROR] ServerAccessManage:1089 - Problem, file not found on Server
2024-10-16 22:24:08,882 [ERROR] ServerAccessManage:1089 - Problem, file not found on Server
2024-10-16 22:24:09,020 [INFO] ServerAccessManage:473 - Download File STMicroelectronics.X-CUBE-FREERTOS.pdsc
2024-10-16 22:24:09,226 [INFO] ServerAccessManage:473 - Download File STMicroelectronics.X-CUBE-GNSS1.pdsc
2024-10-16 22:24:09,778 [ERROR] ServerAccessManage:1089 - Problem, file not found on Server
2024-10-16 22:24:09,940 [ERROR] ServerAccessManage:1089 - Problem, file not found on Server
2024-10-16 22:24:10,094 [ERROR] ServerAccessManage:1089 - Problem, file not found on Server
2024-10-16 22:24:10,248 [ERROR] ServerAccessManage:1089 - Problem, file not found on Server
2024-10-16 22:24:10,398 [ERROR] ServerAccessManage:1089 - Problem, file not found on Server
2024-10-16 22:24:10,558 [ERROR] ServerAccessManage:1089 - Problem, file not found on Server
2024-10-16 22:24:10,594 [INFO] ServerAccessManage:473 - Download File STMicroelectronics.X-CUBE-ISPU.pdsc
2024-10-16 22:24:10,841 [WARN] MainUpdater:1194 - Updater busy. Cannot search thirdparties
2024-10-16 22:24:10,841 [INFO] ThirdPartyUpdaterWithRetryManager:96 - Updater plugin is busy. [4/15]
2024-10-16 22:24:10,898 [INFO] ServerAccessManage:473 - Download File STMicroelectronics.X-CUBE-IPS.pdsc
2024-10-16 22:24:11,020 [INFO] ServerAccessManage:473 - Download File STMicroelectronics.X-CUBE-MEMS1.pdsc
2024-10-16 22:24:12,076 [INFO] ServerAccessManage:473 - Download File STMicroelectronics.X-CUBE-NFC4.pdsc
2024-10-16 22:24:12,641 [INFO] ServerAccessManage:473 - Download File STMicroelectronics.X-CUBE-NFC6.pdsc
2024-10-16 22:24:12,801 [INFO] ServerAccessManage:473 - Download File STMicroelectronics.X-CUBE-NFC7.pdsc
2024-10-16 22:24:12,980 [INFO] ServerAccessManage:473 - Download File STMicroelectronics.X-CUBE-NFC9.pdsc
2024-10-16 22:24:13,098 [INFO] ServerAccessManage:473 - Download File STMicroelectronics.X-CUBE-NFC10.pdsc
2024-10-16 22:24:13,377 [INFO] ServerAccessManage:473 - Download File STMicroelectronics.X-CUBE-SFXS2LP1.pdsc
2024-10-16 22:24:13,667 [INFO] ServerAccessManage:473 - Download File STMicroelectronics.X-CUBE-SAFEA1.pdsc
2024-10-16 22:24:13,808 [INFO] ServerAccessManage:473 - Download File STMicroelectronics.X-CUBE-SUBG2.pdsc
2024-10-16 22:24:13,853 [WARN] MainUpdater:1194 - Updater busy. Cannot search thirdparties
2024-10-16 22:24:13,853 [INFO] ThirdPartyUpdaterWithRetryManager:96 - Updater plugin is busy. [5/15]
2024-10-16 22:24:14,342 [INFO] ServerAccessManage:473 - Download File STMicroelectronics.X-CUBE-SMBUS.pdsc
2024-10-16 22:24:14,597 [ERROR] ServerAccessManage:1089 - Problem, file not found on Server
2024-10-16 22:24:14,640 [INFO] ServerAccessManage:473 - Download File STMicroelectronics.X-CUBE-TCPP.pdsc
2024-10-16 22:24:14,739 [INFO] ServerAccessManage:473 - Download File STMicroelectronics.X-CUBE-TOF1.pdsc
2024-10-16 22:24:15,643 [ERROR] ServerAccessManage:1089 - Problem, file not found on Server
2024-10-16 22:24:15,726 [INFO] ServerAccessManage:473 - Download File STMicroelectronics.X-CUBE-TOUCHGFX.pdsc
2024-10-16 22:24:16,865 [WARN] MainUpdater:1194 - Updater busy. Cannot search thirdparties
2024-10-16 22:24:16,865 [INFO] ThirdPartyUpdaterWithRetryManager:96 - Updater plugin is busy. [6/15]
2024-10-16 22:24:17,039 [INFO] ServerAccessManage:473 - Download File STMicroelectronics.X-CUBE-ALGOBUILD.pdsc
2024-10-16 22:24:17,330 [INFO] ServerAccessManage:473 - Download File STMicroelectronics.X-CUBE-AZRTOS-H7.pdsc
2024-10-16 22:24:17,717 [INFO] ServerAccessManage:473 - Download File STMicroelectronics.X-CUBE-AZRTOS-H7RS.pdsc
2024-10-16 22:24:17,844 [INFO] ServerAccessManage:473 - Download File STMicroelectronics.X-CUBE-AZRTOS-F4.pdsc
2024-10-16 22:24:18,010 [INFO] ServerAccessManage:473 - Download File STMicroelectronics.X-CUBE-AZRTOS-F7.pdsc
2024-10-16 22:24:18,185 [INFO] ServerAccessManage:473 - Download File STMicroelectronics.X-CUBE-AZRTOS-L4.pdsc
2024-10-16 22:24:18,371 [INFO] ServerAccessManage:473 - Download File STMicroelectronics.X-CUBE-AZRTOS-L5.pdsc
2024-10-16 22:24:18,577 [INFO] ServerAccessManage:473 - Download File STMicroelectronics.X-CUBE-AZRTOS-G0.pdsc
2024-10-16 22:24:18,765 [INFO] ServerAccessManage:473 - Download File STMicroelectronics.X-CUBE-AZRTOS-G4.pdsc
2024-10-16 22:24:18,942 [INFO] ServerAccessManage:473 - Download File STMicroelectronics.X-CUBE-AZRTOS-WB.pdsc
2024-10-16 22:24:19,104 [INFO] ServerAccessManage:473 - Download File STMicroelectronics.X-CUBE-AZRTOS-WL.pdsc
2024-10-16 22:24:19,250 [INFO] ServerAccessManage:473 - Download File STMicroelectronics.X-CUBE-WB05N.pdsc
2024-10-16 22:24:19,787 [INFO] ServerAccessManage:473 - Download File wolfSSL.I-CUBE-wolfSSL.pdsc
2024-10-16 22:24:19,877 [WARN] MainUpdater:1194 - Updater busy. Cannot search thirdparties
2024-10-16 22:24:19,877 [INFO] ThirdPartyUpdaterWithRetryManager:96 - Updater plugin is busy. [7/15]
2024-10-16 22:24:22,838 [ERROR] ServerAccessManage:1089 - Problem, file not found on Server
2024-10-16 22:24:22,888 [WARN] MainUpdater:1194 - Updater busy. Cannot search thirdparties
2024-10-16 22:24:22,888 [INFO] ThirdPartyUpdaterWithRetryManager:96 - Updater plugin is busy. [8/15]
2024-10-16 22:24:23,191 [ERROR] ServerAccessManage:1089 - Problem, file not found on Server
2024-10-16 22:24:23,517 [ERROR] ServerAccessManage:1089 - Problem, file not found on Server
2024-10-16 22:24:23,632 [INFO] ServerAccessManage:473 - Download File wolfSSL.I-CUBE-wolfMQTT.pdsc
2024-10-16 22:24:24,431 [ERROR] ServerAccessManage:1089 - Problem, file not found on Server
2024-10-16 22:24:24,539 [INFO] ServerAccessManage:473 - Download File wolfSSL.I-CUBE-wolfTPM.pdsc
2024-10-16 22:24:25,365 [INFO] ServerAccessManage:473 - Download File wolfSSL.I-CUBE-wolfSSH.pdsc
2024-10-16 22:24:25,425 [INFO] McuFinderGlobals:63 - Set McuFinder mode to 2 (CubeIDE integrated)
2024-10-16 22:24:25,890 [WARN] MainUpdater:1194 - Updater busy. Cannot search thirdparties
2024-10-16 22:24:25,890 [INFO] ThirdPartyUpdaterWithRetryManager:96 - Updater plugin is busy. [9/15]
2024-10-16 22:24:26,613 [INFO] ServerAccessManage:473 - Download File RealThread.X-CUBE-RT-Thread_Nano.pdsc
2024-10-16 22:24:26,800 [INFO] ServerAccessManage:473 - Download File SEGGER.I-CUBE-embOS.pdsc
2024-10-16 22:24:27,142 [INFO] ServerAccessManage:473 - Download File portGmbH.I-Cube-SoM-uGOAL.pdsc
2024-10-16 22:24:27,355 [ERROR] ServerAccessManage:1089 - Problem, file not found on Server
2024-10-16 22:24:27,376 [ERROR] ServerAccessManage:1089 - Problem, file not found on Server
2024-10-16 22:24:27,395 [ERROR] ServerAccessManage:1089 - Problem, file not found on Server
2024-10-16 22:24:27,522 [INFO] ServerAccessManage:473 - Download File emotas.I-CUBE-CANOPEN.pdsc
2024-10-16 22:24:28,322 [INFO] ServerAccessManage:473 - Download File WES.I-CUBE-Cesium.pdsc
2024-10-16 22:24:28,878 [ERROR] ServerAccessManage:1089 - Problem, file not found on Server
2024-10-16 22:24:28,891 [WARN] MainUpdater:1194 - Updater busy. Cannot search thirdparties
2024-10-16 22:24:28,891 [INFO] ThirdPartyUpdaterWithRetryManager:96 - Updater plugin is busy. [10/15]
2024-10-16 22:24:29,143 [ERROR] ServerAccessManage:1089 - Problem, file not found on Server
2024-10-16 22:24:29,793 [INFO] ServerAccessManage:473 - Download File ITTIA_DB.I-CUBE-ITTIADB.pdsc
2024-10-16 22:24:31,893 [WARN] MainUpdater:1194 - Updater busy. Cannot search thirdparties
2024-10-16 22:24:31,893 [INFO] ThirdPartyUpdaterWithRetryManager:96 - Updater plugin is busy. [11/15]
2024-10-16 22:24:32,992 [INFO] ServerAccessManage:473 - Download File Infineon.AIROC-Wi-Fi-Bluetooth-STM32.pdsc
2024-10-16 22:24:34,894 [WARN] MainUpdater:1194 - Updater busy. Cannot search thirdparties
2024-10-16 22:24:34,894 [INFO] ThirdPartyUpdaterWithRetryManager:96 - Updater plugin is busy. [12/15]
2024-10-16 22:24:35,293 [INFO] ServerAccessManage:473 - Download File Cesanta.I-CUBE-Mongoose.pdsc
2024-10-16 22:24:36,072 [INFO] ServerAccessManage:473 - Download File EmbeddedOffice.I-CUBE-FS-RTOS.pdsc
2024-10-16 22:24:36,254 [WARN] PackLoader:240 - Cannot read IP mode file for STMicroelectronics.FP-ATR-ASTRA1.2.0.0
2024-10-16 22:24:36,263 [WARN] PackLoader:240 - Cannot read IP mode file for STMicroelectronics.FP-ATR-SIGFOX1.3.2.0
2024-10-16 22:24:36,273 [WARN] PackLoader:240 - Cannot read IP mode file for STMicroelectronics.FP-SNS-STBOX1.2.0.0
2024-10-16 22:24:36,279 [WARN] CheckServerUpdateThread:151 - Open CheckUpdateFile Fail
2024-10-16 22:24:36,287 [WARN] PackLoader:240 - Cannot read IP mode file for STMicroelectronics.FP-SNS-FLIGHT1.5.0.2
2024-10-16 22:24:36,296 [WARN] PackLoader:240 - Cannot read IP mode file for STMicroelectronics.FP-SNS-MOTENV1.5.0.0
2024-10-16 22:24:36,305 [WARN] PackLoader:240 - Cannot read IP mode file for STMicroelectronics.FP-SNS-MOTENVWB1.1.4.0
2024-10-16 22:24:36,312 [WARN] PackLoader:240 - Cannot read IP mode file for STMicroelectronics.FP-SNS-SMARTAG2.1.2.0
2024-10-16 22:24:36,319 [WARN] PackLoader:240 - Cannot read IP mode file for STMicroelectronics.X-CUBE-AI.9.1.0
2024-10-16 22:24:36,327 [WARN] PackLoader:240 - Cannot read IP mode file for STMicroelectronics.X-CUBE-ALS.1.0.2
2024-10-16 22:24:36,336 [WARN] PackLoader:240 - Cannot read IP mode file for STMicroelectronics.X-CUBE-BLE1.7.0.0
2024-10-16 22:24:36,344 [WARN] PackLoader:240 - Cannot read IP mode file for STMicroelectronics.X-CUBE-BLE2.3.3.0
2024-10-16 22:24:36,363 [WARN] PackLoader:240 - Cannot read IP mode file for STMicroelectronics.X-CUBE-BLEMGR.3.1.0
2024-10-16 22:24:36,382 [WARN] PackLoader:240 - Cannot read IP mode file for STMicroelectronics.X-CUBE-DISPLAY.3.0.0
2024-10-16 22:24:36,397 [WARN] PackLoader:240 - Cannot read IP mode file for STMicroelectronics.X-CUBE-DPower.1.2.0
2024-10-16 22:24:36,404 [WARN] PackLoader:240 - Cannot read IP mode file for STMicroelectronics.X-CUBE-EEPRMA1.5.1.0
2024-10-16 22:24:36,408 [INFO] CheckServerUpdateThread:120 - End of CheckServer Thread
2024-10-16 22:24:36,415 [WARN] PackLoader:240 - Cannot read IP mode file for STMicroelectronics.X-CUBE-FREERTOS.1.2.0
2024-10-16 22:24:36,423 [WARN] PackLoader:240 - Cannot read IP mode file for STMicroelectronics.X-CUBE-GNSS1.7.0.0
2024-10-16 22:24:36,430 [WARN] PackLoader:240 - Cannot read IP mode file for STMicroelectronics.X-CUBE-ISPU.2.1.0
2024-10-16 22:24:36,446 [WARN] PackLoader:240 - Cannot read IP mode file for STMicroelectronics.X-CUBE-IPS.3.0.0
2024-10-16 22:24:36,480 [INFO] MainUpdater:2873 - connection check result : 10
2024-10-16 22:24:36,497 [WARN] PackLoader:240 - Cannot read IP mode file for STMicroelectronics.X-CUBE-MEMS1.11.0.0
2024-10-16 22:24:36,520 [INFO] McuFinderGlobals:76 - Set McuFinderConnectedMode to true
2024-10-16 22:24:36,701 [WARN] PackLoader:240 - Cannot read IP mode file for STMicroelectronics.X-CUBE-NFC4.3.0.0
2024-10-16 22:24:36,707 [WARN] PackLoader:240 - Cannot read IP mode file for STMicroelectronics.X-CUBE-NFC6.3.1.0
2024-10-16 22:24:36,717 [WARN] PackLoader:240 - Cannot read IP mode file for STMicroelectronics.X-CUBE-NFC7.1.0.1
2024-10-16 22:24:36,722 [WARN] PackLoader:240 - Cannot read IP mode file for STMicroelectronics.X-CUBE-NFC9.1.0.0
2024-10-16 22:24:36,731 [WARN] PackLoader:240 - Cannot read IP mode file for STMicroelectronics.X-CUBE-NFC10.1.0.0
2024-10-16 22:24:36,737 [WARN] PackLoader:240 - Cannot read IP mode file for STMicroelectronics.X-CUBE-SFXS2LP1.4.0.0
2024-10-16 22:24:36,746 [WARN] PackLoader:240 - Cannot read IP mode file for STMicroelectronics.X-CUBE-SAFEA1.1.2.2
2024-10-16 22:24:36,748 [INFO] ServerAccessManage:473 - Download File mcusAds.json._tmp_
2024-10-16 22:24:36,755 [WARN] PackLoader:240 - Cannot read IP mode file for STMicroelectronics.X-CUBE-SUBG2.5.0.0
2024-10-16 22:24:36,767 [WARN] PackLoader:240 - Cannot read IP mode file for STMicroelectronics.X-CUBE-SMBUS.2.1.0
2024-10-16 22:24:36,772 [WARN] PackLoader:240 - Cannot read IP mode file for STMicroelectronics.X-CUBE-TCPP.4.1.0
2024-10-16 22:24:36,783 [WARN] PackLoader:240 - Cannot read IP mode file for STMicroelectronics.X-CUBE-TOF1.3.4.2
2024-10-16 22:24:36,799 [WARN] PackLoader:240 - Cannot read IP mode file for STMicroelectronics.X-CUBE-TOUCHGFX.4.24.1
2024-10-16 22:24:36,805 [WARN] PackLoader:240 - Cannot read IP mode file for STMicroelectronics.X-CUBE-ALGOBUILD.1.4.0
2024-10-16 22:24:36,835 [WARN] PackLoader:240 - Cannot read IP mode file for STMicroelectronics.X-CUBE-AZRTOS-H7.3.3.0
2024-10-16 22:24:36,852 [WARN] PackLoader:240 - Cannot read IP mode file for STMicroelectronics.X-CUBE-AZRTOS-H7RS.1.0.0
2024-10-16 22:24:36,854 [INFO] LoadUrlFilesThread:156 - End of LoadUrlFiles Thread
2024-10-16 22:24:36,869 [WARN] PackLoader:240 - Cannot read IP mode file for STMicroelectronics.X-CUBE-AZRTOS-F4.1.1.0
2024-10-16 22:24:36,887 [WARN] PackLoader:240 - Cannot read IP mode file for STMicroelectronics.X-CUBE-AZRTOS-F7.1.1.0
2024-10-16 22:24:36,906 [WARN] ConditionMgr:438 - getConditionDescription Invalid condition id : LAN8742 Phy interface Condition cause : null
2024-10-16 22:24:36,907 [WARN] PackLoader:240 - Cannot read IP mode file for STMicroelectronics.X-CUBE-AZRTOS-L4.2.0.0
2024-10-16 22:24:36,908 [WARN] ConditionMgr:1039 - genDependencies : Invalid condition id : LAN8742 Phy interface Condition cause : null
2024-10-16 22:24:36,909 [WARN] ConditionMgr:1039 - genDependencies : Invalid condition id : LAN8742 Phy interface Condition cause : null
2024-10-16 22:24:36,910 [WARN] ConditionMgr:1039 - genDependencies : Invalid condition id : LAN8742 Phy interface Condition cause : null
2024-10-16 22:24:36,926 [WARN] PackLoader:240 - Cannot read IP mode file for STMicroelectronics.X-CUBE-AZRTOS-L5.2.0.0
2024-10-16 22:24:36,943 [WARN] PackLoader:240 - Cannot read IP mode file for STMicroelectronics.X-CUBE-AZRTOS-G0.1.1.0
2024-10-16 22:24:36,958 [WARN] PackLoader:240 - Cannot read IP mode file for STMicroelectronics.X-CUBE-AZRTOS-G4.2.0.0
2024-10-16 22:24:36,974 [WARN] ConditionMgr:438 - getConditionDescription Invalid condition id : UX DEVICE CLASS RTOS Condition cause : null
2024-10-16 22:24:36,974 [WARN] ConditionMgr:438 - getConditionDescription Invalid condition id : UX DEVICE CLASS RTOS Condition cause : null
2024-10-16 22:24:36,977 [WARN] PackLoader:240 - Cannot read IP mode file for STMicroelectronics.X-CUBE-AZRTOS-WB.2.0.0
2024-10-16 22:24:36,978 [WARN] ConditionMgr:1039 - genDependencies : Invalid condition id : UX DEVICE CLASS RTOS Condition cause : null
2024-10-16 22:24:36,978 [WARN] ConditionMgr:1039 - genDependencies : Invalid condition id : UX DEVICE CLASS RTOS Condition cause : null
2024-10-16 22:24:36,979 [WARN] ConditionMgr:1039 - genDependencies : Invalid condition id : UX DEVICE CLASS RTOS Condition cause : null
2024-10-16 22:24:36,979 [WARN] ConditionMgr:1039 - genDependencies : Invalid condition id : UX DEVICE CLASS RTOS Condition cause : null
2024-10-16 22:24:36,980 [WARN] ConditionMgr:1039 - genDependencies : Invalid condition id : UX DEVICE CLASS RTOS Condition cause : null
2024-10-16 22:24:36,990 [INFO] LogOutputStream:77 - [STDOUT_REDIRECT] 1 : Invalid condition id : UX_CORESTACK_Condition cause : null
2024-10-16 22:24:36,990 [INFO] LogOutputStream:77 - [STDOUT_REDIRECT] 1 : Invalid condition id : UX_CORESTACK_Condition cause : null
2024-10-16 22:24:36,991 [INFO] LogOutputStream:77 - [STDOUT_REDIRECT] 1 : Invalid condition id : UX_CORESTACK_Condition cause : null
2024-10-16 22:24:36,993 [INFO] LogOutputStream:77 - [STDOUT_REDIRECT] 1 : Invalid condition id : UX_CORESTACK_Condition cause : null
2024-10-16 22:24:36,994 [INFO] LogOutputStream:77 - [STDOUT_REDIRECT] 1 : Invalid condition id : UX_CORESTACK_Condition cause : null
2024-10-16 22:24:36,997 [WARN] PackLoader:240 - Cannot read IP mode file for STMicroelectronics.X-CUBE-AZRTOS-WL.2.0.0
2024-10-16 22:24:37,003 [WARN] PackLoader:240 - Cannot read IP mode file for STMicroelectronics.X-CUBE-WB05N.1.1.0
2024-10-16 22:24:37,008 [WARN] PackLoader:240 - Cannot read IP mode file for wolfSSL.I-CUBE-wolfSSL.5.7.2
2024-10-16 22:24:37,014 [WARN] PackLoader:240 - Cannot read IP mode file for wolfSSL.I-CUBE-wolfMQTT.1.19.0
2024-10-16 22:24:37,019 [WARN] PackLoader:240 - Cannot read IP mode file for wolfSSL.I-CUBE-wolfTPM.3.4.0
2024-10-16 22:24:37,022 [WARN] PackLoader:240 - Cannot read IP mode file for wolfSSL.I-CUBE-wolfSSH.1.4.17
2024-10-16 22:24:37,028 [WARN] PackLoader:240 - Cannot read IP mode file for RealThread.X-CUBE-RT-Thread_Nano.4.1.1
2024-10-16 22:24:37,060 [WARN] PackLoader:240 - Cannot read IP mode file for SEGGER.I-CUBE-embOS.1.3.1
2024-10-16 22:24:37,072 [INFO] ServerAccessManage:473 - Download File cube-finder-db.zip
2024-10-16 22:24:37,106 [WARN] PackLoader:240 - Cannot read IP mode file for portGmbH.I-Cube-SoM-uGOAL.1.1.0
2024-10-16 22:24:37,113 [WARN] PackLoader:240 - Cannot read IP mode file for emotas.I-CUBE-CANOPEN.1.3.0
2024-10-16 22:24:37,119 [WARN] PackLoader:240 - Cannot read IP mode file for WES.I-CUBE-Cesium.1.3.0
2024-10-16 22:24:37,124 [WARN] PackLoader:240 - Cannot read IP mode file for ITTIA_DB.I-CUBE-ITTIADB.8.9.0
2024-10-16 22:24:37,145 [WARN] PackLoader:240 - Cannot read IP mode file for Infineon.AIROC-Wi-Fi-Bluetooth-STM32.1.6.1
2024-10-16 22:24:37,151 [WARN] PackLoader:240 - Cannot read IP mode file for Cesanta.I-CUBE-Mongoose.7.13.0
2024-10-16 22:24:37,159 [WARN] PackLoader:240 - Cannot read IP mode file for EmbeddedOffice.I-CUBE-FS-RTOS.1.0.1
2024-10-16 22:24:37,160 [ERROR] ConditionMgr:805 - Attr not supported : Dmpu
2024-10-16 22:24:37,160 [ERROR] ConditionMgr:805 - Attr not supported : Dmpu
2024-10-16 22:24:37,160 [ERROR] ConditionMgr:805 - Attr not supported : Dmpu
2024-10-16 22:24:37,160 [ERROR] ConditionMgr:805 - Attr not supported : Dmpu
2024-10-16 22:24:37,160 [ERROR] ConditionMgr:805 - Attr not supported : Dmpu
2024-10-16 22:24:37,160 [ERROR] ConditionMgr:805 - Attr not supported : Dmpu
2024-10-16 22:24:37,160 [ERROR] ConditionMgr:805 - Attr not supported : Dmpu
2024-10-16 22:24:37,161 [ERROR] ConditionMgr:805 - Attr not supported : Dmpu
2024-10-16 22:24:37,161 [ERROR] ConditionMgr:805 - Attr not supported : Dmpu
2024-10-16 22:24:37,161 [ERROR] ConditionMgr:805 - Attr not supported : Dmpu
2024-10-16 22:24:37,161 [ERROR] ConditionMgr:805 - Attr not supported : Dmpu
2024-10-16 22:24:37,161 [ERROR] ConditionMgr:805 - Attr not supported : Dmpu
2024-10-16 22:24:37,161 [ERROR] ConditionMgr:805 - Attr not supported : Dmpu
2024-10-16 22:24:37,161 [ERROR] ConditionMgr:805 - Attr not supported : Dmpu
2024-10-16 22:24:37,161 [ERROR] ConditionMgr:805 - Attr not supported : Dmpu
2024-10-16 22:24:37,161 [ERROR] ConditionMgr:805 - Attr not supported : Dmpu
2024-10-16 22:24:37,161 [ERROR] ConditionMgr:805 - Attr not supported : Dmpu
2024-10-16 22:24:37,161 [ERROR] ConditionMgr:805 - Attr not supported : Dmpu
2024-10-16 22:24:37,161 [ERROR] ConditionMgr:805 - Attr not supported : Dmpu
2024-10-16 22:24:37,161 [ERROR] ConditionMgr:805 - Attr not supported : Dmpu
2024-10-16 22:24:37,161 [ERROR] ConditionMgr:805 - Attr not supported : Dmpu
2024-10-16 22:24:37,161 [ERROR] ConditionMgr:805 - Attr not supported : Dmpu
2024-10-16 22:24:37,162 [ERROR] ConditionMgr:805 - Attr not supported : Dmpu
2024-10-16 22:24:37,162 [ERROR] ConditionMgr:805 - Attr not supported : Dmpu
2024-10-16 22:24:37,162 [ERROR] ConditionMgr:805 - Attr not supported : Dmpu
2024-10-16 22:24:37,162 [ERROR] ConditionMgr:805 - Attr not supported : Dmpu
2024-10-16 22:24:37,162 [ERROR] ConditionMgr:805 - Attr not supported : Dmpu
2024-10-16 22:24:37,162 [ERROR] ConditionMgr:805 - Attr not supported : Dmpu
2024-10-16 22:24:37,162 [ERROR] ConditionMgr:805 - Attr not supported : Dmpu
2024-10-16 22:24:37,162 [ERROR] ConditionMgr:805 - Attr not supported : Dmpu
2024-10-16 22:24:37,162 [ERROR] ConditionMgr:805 - Attr not supported : Dmpu
2024-10-16 22:24:37,162 [ERROR] ConditionMgr:805 - Attr not supported : Dmpu
2024-10-16 22:24:37,162 [ERROR] ConditionMgr:805 - Attr not supported : Dmpu
2024-10-16 22:24:37,162 [ERROR] ConditionMgr:805 - Attr not supported : Dmpu
2024-10-16 22:24:37,162 [ERROR] ConditionMgr:805 - Attr not supported : Dmpu
2024-10-16 22:24:37,162 [ERROR] ConditionMgr:805 - Attr not supported : Dmpu
2024-10-16 22:24:37,162 [ERROR] ConditionMgr:805 - Attr not supported : Dmpu
2024-10-16 22:24:37,162 [ERROR] ConditionMgr:805 - Attr not supported : Dmpu
2024-10-16 22:24:37,162 [ERROR] ConditionMgr:805 - Attr not supported : Dmpu
2024-10-16 22:24:37,163 [ERROR] ConditionMgr:805 - Attr not supported : Dmpu
2024-10-16 22:24:37,163 [ERROR] ConditionMgr:805 - Attr not supported : Dmpu
2024-10-16 22:24:37,163 [ERROR] ConditionMgr:805 - Attr not supported : Dmpu
2024-10-16 22:24:37,163 [ERROR] ConditionMgr:805 - Attr not supported : Dmpu
2024-10-16 22:24:37,163 [ERROR] ConditionMgr:805 - Attr not supported : Dmpu
2024-10-16 22:24:37,163 [ERROR] ConditionMgr:805 - Attr not supported : Dmpu
2024-10-16 22:24:37,163 [ERROR] ConditionMgr:805 - Attr not supported : Dmpu
2024-10-16 22:24:37,163 [ERROR] ConditionMgr:805 - Attr not supported : Dmpu
2024-10-16 22:24:37,163 [ERROR] ConditionMgr:805 - Attr not supported : Dmpu
2024-10-16 22:24:37,163 [ERROR] ConditionMgr:805 - Attr not supported : Dmpu
2024-10-16 22:24:37,163 [ERROR] ConditionMgr:805 - Attr not supported : Dmpu
2024-10-16 22:24:37,163 [ERROR] ConditionMgr:805 - Attr not supported : Dmpu
2024-10-16 22:24:37,163 [ERROR] ConditionMgr:805 - Attr not supported : Dmpu
2024-10-16 22:24:37,163 [ERROR] ConditionMgr:805 - Attr not supported : Dmpu
2024-10-16 22:24:37,163 [ERROR] ConditionMgr:805 - Attr not supported : Dmpu
2024-10-16 22:24:37,163 [ERROR] ConditionMgr:805 - Attr not supported : Dmpu
2024-10-16 22:24:37,163 [ERROR] ConditionMgr:805 - Attr not supported : Dmpu
2024-10-16 22:24:37,163 [ERROR] ConditionMgr:805 - Attr not supported : Dmpu
2024-10-16 22:24:37,163 [ERROR] ConditionMgr:805 - Attr not supported : Dmpu
2024-10-16 22:24:37,163 [ERROR] ConditionMgr:805 - Attr not supported : Dmpu
2024-10-16 22:24:37,163 [ERROR] ConditionMgr:805 - Attr not supported : Dmpu
2024-10-16 22:24:37,163 [ERROR] ConditionMgr:805 - Attr not supported : Dmpu
2024-10-16 22:24:37,164 [ERROR] ConditionMgr:805 - Attr not supported : Dmpu
2024-10-16 22:24:37,164 [ERROR] ConditionMgr:805 - Attr not supported : Dmpu
2024-10-16 22:24:37,164 [ERROR] ConditionMgr:805 - Attr not supported : Dmpu
2024-10-16 22:24:37,164 [INFO] PopulateThirdPartyThread:66 - Ending populate Thread
2024-10-16 22:24:37,166 [INFO] ThirdParty:1030 - CMSIS Pack Vendor :STMicroelectronics X-CUBE-AZRTOS-H7 3.3.0
2024-10-16 22:24:37,166 [INFO] ThirdParty:1030 - CMSIS Pack Vendor :STMicroelectronics X-CUBE-NFC9 1.0.0
2024-10-16 22:24:37,166 [INFO] ThirdParty:1030 - CMSIS Pack Vendor :STMicroelectronics FP-SNS-MOTENVWB1 1.4.0
2024-10-16 22:24:37,166 [INFO] ThirdParty:1030 - CMSIS Pack Vendor :STMicroelectronics X-CUBE-AZRTOS-F4 1.1.0
2024-10-16 22:24:37,166 [INFO] ThirdParty:1030 - CMSIS Pack Vendor :STMicroelectronics X-CUBE-SMBUS 2.1.0
2024-10-16 22:24:37,166 [INFO] ThirdParty:1030 - CMSIS Pack Vendor :STMicroelectronics X-CUBE-WB05N 1.1.0
2024-10-16 22:24:37,166 [INFO] ThirdParty:1030 - CMSIS Pack Vendor :STMicroelectronics X-CUBE-ISPU 2.1.0
2024-10-16 22:24:37,166 [INFO] ThirdParty:1030 - CMSIS Pack Vendor :STMicroelectronics X-CUBE-TCPP 4.1.0
2024-10-16 22:24:37,166 [INFO] ThirdParty:1030 - CMSIS Pack Vendor :STMicroelectronics X-CUBE-FREERTOS 1.2.0
2024-10-16 22:24:37,166 [INFO] ThirdParty:1030 - CMSIS Pack Vendor :STMicroelectronics X-CUBE-IPS 3.0.0
2024-10-16 22:24:37,166 [INFO] ThirdParty:1030 - CMSIS Pack Vendor :STMicroelectronics X-CUBE-AZRTOS-WB 2.0.0
2024-10-16 22:24:37,166 [INFO] ThirdParty:1030 - CMSIS Pack Vendor :STMicroelectronics X-CUBE-GNSS1 7.0.0
2024-10-16 22:24:37,166 [INFO] ThirdParty:1030 - CMSIS Pack Vendor :STMicroelectronics X-CUBE-AZRTOS-F7 1.1.0
2024-10-16 22:24:37,166 [INFO] ThirdParty:1030 - CMSIS Pack Vendor :STMicroelectronics X-CUBE-AZRTOS-L5 2.0.0
2024-10-16 22:24:37,166 [INFO] ThirdParty:1030 - CMSIS Pack Vendor :STMicroelectronics X-CUBE-NFC6 3.1.0
2024-10-16 22:24:37,166 [INFO] ThirdParty:1030 - CMSIS Pack Vendor :STMicroelectronics FP-SNS-STBOX1 2.0.0
2024-10-16 22:24:37,166 [INFO] ThirdParty:1030 - CMSIS Pack Vendor :STMicroelectronics X-CUBE-MEMS1 11.0.0
2024-10-16 22:24:37,166 [INFO] ThirdParty:1030 - CMSIS Pack Vendor :STMicroelectronics X-CUBE-AZRTOS-G0 1.1.0
2024-10-16 22:24:37,166 [INFO] ThirdParty:1030 - CMSIS Pack Vendor :STMicroelectronics X-CUBE-DPower 1.2.0
2024-10-16 22:24:37,166 [INFO] ThirdParty:1030 - CMSIS Pack Vendor :STMicroelectronics X-CUBE-NFC4 3.0.0
2024-10-16 22:24:37,166 [INFO] ThirdParty:1030 - CMSIS Pack Vendor :STMicroelectronics X-CUBE-SAFEA1 1.2.2
2024-10-16 22:24:37,166 [INFO] ThirdParty:1030 - CMSIS Pack Vendor :STMicroelectronics X-CUBE-SUBG2 5.0.0
2024-10-16 22:24:37,168 [INFO] ThirdParty:1030 - CMSIS Pack Vendor :EmbeddedOffice I-CUBE-FS-RTOS 1.0.1
2024-10-16 22:24:37,168 [INFO] ThirdParty:1030 - CMSIS Pack Vendor :STMicroelectronics FP-SNS-FLIGHT1 5.0.2
2024-10-16 22:24:37,168 [INFO] ThirdParty:1030 - CMSIS Pack Vendor :Cesanta I-CUBE-Mongoose 7.13.0
2024-10-16 22:24:37,168 [INFO] ThirdParty:1030 - CMSIS Pack Vendor :STMicroelectronics X-CUBE-AZRTOS-G4 2.0.0
2024-10-16 22:24:37,168 [INFO] ThirdParty:1030 - CMSIS Pack Vendor :STMicroelectronics X-CUBE-DISPLAY 3.0.0
2024-10-16 22:24:37,168 [INFO] ThirdParty:1030 - CMSIS Pack Vendor :RealThread X-CUBE-RT-Thread_Nano 4.1.1
2024-10-16 22:24:37,168 [INFO] ThirdParty:1030 - CMSIS Pack Vendor :STMicroelectronics FP-ATR-SIGFOX1 3.2.0
2024-10-16 22:24:37,168 [INFO] ThirdParty:1030 - CMSIS Pack Vendor :STMicroelectronics X-CUBE-BLE1 7.0.0
2024-10-16 22:24:37,168 [INFO] ThirdParty:1030 - CMSIS Pack Vendor :STMicroelectronics X-CUBE-NFC10 1.0.0
2024-10-16 22:24:37,168 [INFO] ThirdParty:1030 - CMSIS Pack Vendor :wolfSSL I-CUBE-wolfSSL 5.7.2
2024-10-16 22:24:37,168 [INFO] ThirdParty:1030 - CMSIS Pack Vendor :STMicroelectronics X-CUBE-EEPRMA1 5.1.0
2024-10-16 22:24:37,168 [INFO] ThirdParty:1030 - CMSIS Pack Vendor :STMicroelectronics X-CUBE-ALS 1.0.2
2024-10-16 22:24:37,168 [INFO] ThirdParty:1030 - CMSIS Pack Vendor :emotas I-CUBE-CANOPEN 1.3.0
2024-10-16 22:24:37,168 [INFO] ThirdParty:1030 - CMSIS Pack Vendor :STMicroelectronics X-CUBE-NFC7 1.0.1
2024-10-16 22:24:37,168 [INFO] ThirdParty:1030 - CMSIS Pack Vendor :ITTIA_DB I-CUBE-ITTIADB 8.9.0
2024-10-16 22:24:37,168 [INFO] ThirdParty:1030 - CMSIS Pack Vendor :STMicroelectronics X-CUBE-TOUCHGFX 4.24.1
2024-10-16 22:24:37,168 [INFO] ThirdParty:1030 - CMSIS Pack Vendor :wolfSSL I-CUBE-wolfTPM 3.4.0
2024-10-16 22:24:37,168 [INFO] ThirdParty:1030 - CMSIS Pack Vendor :portGmbH I-Cube-SoM-uGOAL 1.1.0
2024-10-16 22:24:37,168 [INFO] ThirdParty:1030 - CMSIS Pack Vendor :STMicroelectronics X-CUBE-BLEMGR 3.1.0
2024-10-16 22:24:37,168 [INFO] ThirdParty:1030 - CMSIS Pack Vendor :STMicroelectronics FP-SNS-SMARTAG2 1.2.0
2024-10-16 22:24:37,168 [INFO] ThirdParty:1030 - CMSIS Pack Vendor :STMicroelectronics X-CUBE-AZRTOS-WL 2.0.0
2024-10-16 22:24:37,169 [INFO] ThirdParty:1030 - CMSIS Pack Vendor :SEGGER I-CUBE-embOS 1.3.1
2024-10-16 22:24:37,169 [INFO] ThirdParty:1030 - CMSIS Pack Vendor :STMicroelectronics X-CUBE-ALGOBUILD 1.4.0
2024-10-16 22:24:37,169 [INFO] ThirdParty:1030 - CMSIS Pack Vendor :STMicroelectronics FP-SNS-MOTENV1 5.0.0
2024-10-16 22:24:37,169 [INFO] ThirdParty:1030 - CMSIS Pack Vendor :STMicroelectronics X-CUBE-AZRTOS-H7RS 1.0.0
2024-10-16 22:24:37,169 [INFO] ThirdParty:1030 - CMSIS Pack Vendor :wolfSSL I-CUBE-wolfMQTT 1.19.0
2024-10-16 22:24:37,169 [INFO] ThirdParty:1030 - CMSIS Pack Vendor :STMicroelectronics X-CUBE-AZRTOS-L4 2.0.0
2024-10-16 22:24:37,169 [INFO] ThirdParty:1030 - CMSIS Pack Vendor :STMicroelectronics FP-ATR-ASTRA1 2.0.0
2024-10-16 22:24:37,169 [INFO] ThirdParty:1030 - CMSIS Pack Vendor :WES I-CUBE-Cesium 1.3.0
2024-10-16 22:24:37,169 [INFO] ThirdParty:1030 - CMSIS Pack Vendor :STMicroelectronics X-CUBE-SFXS2LP1 4.0.0
2024-10-16 22:24:37,169 [INFO] ThirdParty:1030 - CMSIS Pack Vendor :STMicroelectronics X-CUBE-BLE2 3.3.0
2024-10-16 22:24:37,169 [INFO] ThirdParty:1030 - CMSIS Pack Vendor :STMicroelectronics X-CUBE-TOF1 3.4.2
2024-10-16 22:24:37,169 [INFO] ThirdParty:1030 - CMSIS Pack Vendor :STMicroelectronics X-CUBE-AI 9.1.0
2024-10-16 22:24:37,169 [INFO] ThirdParty:1030 - CMSIS Pack Vendor :Infineon AIROC-Wi-Fi-Bluetooth-STM32 1.6.1
2024-10-16 22:24:37,169 [INFO] ThirdParty:1030 - CMSIS Pack Vendor :wolfSSL I-CUBE-wolfSSH 1.4.17
2024-10-16 22:24:37,170 [INFO] LoadServerUpdatesThread:375 - End of LoadServerUpdate Thread
2024-10-16 22:24:37,894 [WARN] MainUpdater:1194 - Updater busy. Cannot search thirdparties
2024-10-16 22:24:37,894 [INFO] ThirdPartyUpdaterWithRetryManager:96 - Updater plugin is busy. [13/15]
2024-10-16 22:24:40,896 [WARN] MainUpdater:1194 - Updater busy. Cannot search thirdparties
2024-10-16 22:24:40,897 [INFO] ThirdPartyUpdaterWithRetryManager:96 - Updater plugin is busy. [14/15]
2024-10-16 22:24:43,897 [WARN] MainUpdater:1194 - Updater busy. Cannot search thirdparties
2024-10-16 22:24:43,897 [INFO] ThirdPartyUpdaterWithRetryManager:96 - Updater plugin is busy. [15/15]
2024-10-16 22:24:43,897 [ERROR] IntegrityCheckThread:130 - Cannot retrieve database content from updater: error -1
2024-10-16 22:24:43,898 [INFO] ThirdParty:978 - Integrity check success = false
2024-10-16 22:24:43,898 [INFO] IntegrityCheckThread:100 - exiting critical section [integrity check]
2024-10-16 22:24:43,898 [INFO] IntegrityCheckThread:103 - End integrity checks thread
2024-10-16 22:24:45,498 [INFO] FileExtend:240 - Unzip File : cube-finder-db.zip
2024-10-16 22:24:45,498 [INFO] FileExtend:255 - Standard Zip Deflate
2024-10-16 22:24:46,336 [INFO] LoadUrlFilesThread:156 - End of LoadUrlFiles Thread
2024-10-16 22:24:46,487 [INFO] ServerAccessManage:473 - Download File crdb.zip
2024-10-16 22:24:46,690 [INFO] FileExtend:240 - Unzip File : crdb.zip
2024-10-16 22:24:46,691 [INFO] FileExtend:255 - Standard Zip Deflate
2024-10-16 22:24:46,821 [INFO] LoadUrlFilesThread:156 - End of LoadUrlFiles Thread
2024-10-16 22:24:46,848 [INFO] ServerAccessManage:473 - Download File tutoVideoDB.zip
2024-10-16 22:24:46,896 [INFO] FileExtend:240 - Unzip File : tutoVideoDB.zip
2024-10-16 22:24:46,896 [INFO] FileExtend:255 - Standard Zip Deflate
2024-10-16 22:24:47,006 [INFO] LoadUrlFilesThread:156 - End of LoadUrlFiles Thread
2024-10-16 22:24:47,008 [WARN] DbFile:41 - Overriding database path with different value: C:\Users\duvvu\.stmcufinder\plugins\mcufinder/ => C:\Users\duvvu\.stmcufinder\plugins\mcufinder
2024-10-16 22:24:47,030 [INFO] ServerAccessManage:473 - Download File api_config.json
2024-10-16 22:24:47,134 [INFO] LoadUrlFilesThread:156 - End of LoadUrlFiles Thread
2024-10-16 22:24:47,135 [INFO] DbMcusAds:53 - JSON generation date=Fri Sep 20 15:04:23 CEST 2024 (1726837463121)
2024-10-16 22:24:47,218 [INFO] ServerAccessManage:473 - Download File 
2024-10-16 22:24:47,240 [INFO] LoadUrlFilesThread:185 - End of LoadServerUrlFiles without Thread
2024-10-16 22:24:47,240 [INFO] TargetSelectorAdapter:259 - Refresh data is successful
2024-10-16 22:24:47,353 [INFO] ApiDb:581 - Connected to CubeFinder SQLite database (C:\Users\duvvu\.stmcufinder\plugins\mcufinder\mcu\cube-finder-db.db)
2024-10-16 22:24:47,416 [INFO] ApiDb:668 - CubeFinder database Data Model version=2.1
2024-10-16 22:24:47,417 [INFO] ApiDb:669 - CubeFinder database Configuration version=3.0.39
2024-10-16 22:24:47,417 [INFO] ApiDb:670 - CubeFinder database generation date=2024-09-16 (1726485674)
2024-10-16 22:24:47,417 [INFO] ApiDb:671 - CubeFinder database FW Pack versions=[FP-ATR-ASTRA1_V2.0.0, FP-SNS-FLIGHT1_V5.0.2, FP-SNS-MOTENV1_V5.0.0, FP-SNS-MOTENVWB1_V1.4.0, FP-SNS-SMARTAG2_V1.2.0, FP-SNS-STBOX1_V2.0.0, STM32Cube_FW_C0_V1.2.0, STM32Cube_FW_F4_V1.28.1, STM32Cube_FW_F7_V1.17.2, STM32Cube_FW_G0_V1.6.2, STM32Cube_FW_G4_V1.6.0, STM32Cube_FW_H5_V1.3.0, STM32Cube_FW_H7RS_V1.1.0, STM32Cube_FW_H7_V1.11.2, STM32Cube_FW_L0_V1.12.2, STM32Cube_FW_L5_V1.5.1, STM32Cube_FW_U0_V1.1.0, STM32Cube_FW_U5_V1.6.0, STM32Cube_FW_WB0_V1.0.0, STM32Cube_FW_WBA_V1.4.1, STM32Cube_FW_WB_V1.20.0, STM32Cube_FW_WL_V1.3.0, X-CUBE-ALGOBUILD_V1.4.0, X-CUBE-ALS_V1.0.2, X-CUBE-AZRTOS-F4_V1.1.0, X-CUBE-AZRTOS-F7_V1.1.0, X-CUBE-AZRTOS-G0_V1.1.0, X-CUBE-AZRTOS-G4_V2.0.0, X-CUBE-AZRTOS-H7RS_V1.0.0, X-CUBE-AZRTOS-H7_V3.2.0, X-CUBE-AZRTOS-L4_V2.0.0, X-CUBE-AZRTOS-L5_V2.0.0, X-CUBE-AZRTOS-WB_V2.0.0, X-CUBE-AZRTOS-WL_V2.0.0, X-CUBE-BLE1_V7.0.0, X-CUBE-BLE2_V3.3.0, X-CUBE-BLEMGR_V3.1.0, X-CUBE-EEPRMA1_V5.1.0, X-CUBE-FREERTOS_V1.2.0, X-CUBE-GNSS1_V6.0.0, X-CUBE-MEMS1_V11.0.0, X-CUBE-NFC4_V3.0.0, X-CUBE-NFC7_V1.0.1, X-CUBE-SFXS2LP1_V4.0.0, X-CUBE-SUBG2_V5.0.0, X-CUBE-TOF1_V3.4.2]
2024-10-16 22:24:49,497 [INFO] ApiDb:240 - Found 646 in-development CPN: [B-G473E-ZEST1S, B-WB1M-WPAN1, B-WL5M-SUBG1, NUCLEO-C031C6, NUCLEO-C071RB, NUCLEO-H503RB, NUCLEO-H533RE, NUCLEO-H563ZI, NUCLEO-H7S3L8, NUCLEO-U031R8, NUCLEO-U083RC, NUCLEO-U545RE-Q, NUCLEO-U5A5ZJ-Q, NUCLEO-WB05KZ, NUCLEO-WB07CC, NUCLEO-WB09KE, NUCLEO-WBA52CG, NUCLEO-WBA55CG, STEVAL-PROTEUS1, STEVAL-SMARTAG2, STEVAL-STWINBX1, STM320518-EVAL, STM32C0116-DK, STM32C011D6Y3TR, STM32C011D6Y6TR, STM32C011F4P3, STM32C011F4P6, STM32C011F4U3, STM32C011F4U6TR, STM32C011F6P3, STM32C011F6P6, STM32C011F6U3, STM32C011F6U6TR, STM32C011J4M3, STM32C011J4M6, STM32C011J6M3, STM32C011J6M6, STM32C0316-DK, STM32C031C4T3, STM32C031C4T6, STM32C031C4U3, STM32C031C4U6, STM32C031C6T3, STM32C031C6T6, STM32C031C6U3, STM32C031C6U6, STM32C031F4P3, STM32C031F4P6, STM32C031F6P3, STM32C031F6P6, STM32C031G4U3, STM32C031G4U6, STM32C031G6U3, STM32C031G6U6, STM32C031K4T3, STM32C031K4T6, STM32C031K4U3, STM32C031K4U6, STM32C031K6T3, STM32C031K6T6, STM32C031K6U3, STM32C031K6U6, STM32C071C8T6, STM32C071C8T6N, STM32C071C8U6, STM32C071C8U6N, STM32C071CBT6, STM32C071CBT6N, STM32C071CBU6, STM32C071CBU6N, STM32C071F8P6, STM32C071F8P6N, STM32C071FBP6, STM32C071FBP6N, STM32C071FBY6TR, STM32C071G8U6, STM32C071G8U6N, STM32C071GBU6, STM32C071GBU6N, STM32C071K8T6, STM32C071K8T6N, STM32C071K8U6, STM32C071K8U6N, STM32C071KBT6, STM32C071KBT6N, STM32C071KBU6, STM32C071KBU6N, STM32C071R8T6, STM32C071R8T6N, STM32C071RBI6N, STM32C071RBT6, STM32C071RBT6N, STM32G071K8TXN, STM32G071K8UXN, STM32G081GBU6N, STM32G081KBT6N, STM32G081KBUXN, STM32G0B1CCT6N, STM32G0B1KCT6, STM32G0B1NEY6TR, STM32G0B1RCT6N, STM32G0C1CCT6, STM32G0C1CCT6N, STM32G0C1CCU6N, STM32G0C1CET6N, STM32G0C1CEU6N, STM32G0C1KCT6, STM32G0C1NEY6TR, STM32G0C1RCI6N, STM32G0C1RCT6N, STM32G0C1REI6N, STM32G0C1RET6N, STM32G0C1VCI6, STM32G0C1VEI6, STM32G411C6T3, STM32G411C6T6, STM32G411C6U3, STM32G411C6U6, STM32G411C8T3, STM32G411C8T6, STM32G411C8U3, STM32G411C8U6, STM32G411CBT3, STM32G411CBT6, STM32G411CBU3, STM32G411CBU6, STM32G411K6T3, STM32G411K6T6, STM32G411K6U3, STM32G411K6U6, STM32G411K8T3, STM32G411K8T6, STM32G411K8U3, STM32G411K8U6, STM32G411KBT3, STM32G411KBT6, STM32G411KBU3, STM32G411KBU6, STM32G411M6T3, STM32G411M6T6, STM32G411M8T3, STM32G411M8T6, STM32G411MBT3, STM32G411MBT6, STM32G411R6T3, STM32G411R6T6, STM32G411R8T3, STM32G411R8T6, STM32G411RBT3, STM32G411RBT6, STM32G414CBT3, STM32G414CBT6, STM32G414CBU3, STM32G414CBU6, STM32G414CCT3, STM32G414CCT6, STM32G414CCU3, STM32G414CCU6, STM32G414MBT3, STM32G414MBT6, STM32G414MCT3, STM32G414MCT6, STM32G414RBT3, STM32G414RBT6, STM32G414RCT3, STM32G414RCT6, STM32G414VBT3, STM32G414VBT6, STM32G414VCT3, STM32G414VCT6, STM32G431CBT3Z, STM32G431RBT3Z, STM32G471CCT6, STM32G471CCU6, STM32G471CET3, STM32G471CET6, STM32G471CEU3, STM32G471CEU6, STM32G471MCT6, STM32G471MET3, STM32G471MET6, STM32G471MEY6TR, STM32G471QCT6, STM32G471QET3, STM32G471RCT6, STM32G471RET3, STM32G471RET6, STM32G471VCH6, STM32G471VCI6, STM32G471VCT6, STM32G471VEH3, STM32G471VEH6, STM32G471VEI3, STM32G471VEI6, STM32G471VET3, STM32G471VET6, STM32G473QET3Z, STM32G473RET3Z, STM32G474CCT6, STM32G491RET3Z, STM32H503CBT6, STM32H503CBU6, STM32H503EBY6TR, STM32H503KBU6, STM32H503RBT6, STM32H523CCT6, STM32H523CCU6, STM32H523CET6, STM32H523CEU6, STM32H523HEY6TR, STM32H523RCT6, STM32H523RET6, STM32H523VCI6, STM32H523VCT6, STM32H523VEI6, STM32H523VET6, STM32H523ZCJ6, STM32H523ZCT6, STM32H523ZEJ6, STM32H523ZET6, STM32H533CET6, STM32H533CEU6, STM32H533HEY6TR, STM32H533RET6, STM32H533VEI6, STM32H533VET6, STM32H533ZEJ6, STM32H533ZET6, STM32H562AGI6, STM32H562AII6, STM32H562IGK6, STM32H562IGT6, STM32H562IIK6, STM32H562IIT6, STM32H562RGT6, STM32H562RGV6, STM32H562RIT6, STM32H562RIV6, STM32H562VGT6, STM32H562VIT6, STM32H562ZGT6, STM32H562ZIT6, STM32H563AGI6, STM32H563AII3Q, STM32H563AII6, STM32H563IGK6, STM32H563IGT6, STM32H563IIK3Q, STM32H563IIK6, STM32H563IIT3Q, STM32H563IIT6, STM32H563MIY3QTR, STM32H563RGT6, STM32H563RGV6, STM32H563RIT6, STM32H563RIV6, STM32H563VGT6, STM32H563VIT3Q, STM32H563VIT6, STM32H563ZGT6, STM32H563ZIT3Q, STM32H563ZIT6, STM32H573AII3Q, STM32H573AII6, STM32H573I-DK, STM32H573IIK3Q, STM32H573IIK6, STM32H573IIT3Q, STM32H573IIT6, STM32H573MIY3QTR, STM32H573RIT6, STM32H573RIV6, STM32H573VIT3Q, STM32H573VIT6, STM32H573ZIT3Q, STM32H573ZIT6, STM32H7R3A8I6, STM32H7R3I8K6, STM32H7R3I8T6, STM32H7R3L8H6, STM32H7R3L8H6H, STM32H7R3R8V6, STM32H7R3V8H6, STM32H7R3V8T6, STM32H7R3V8Y6TR, STM32H7R3Z8J6, STM32H7R3Z8T6, STM32H7R7A8I6, STM32H7R7I8K6, STM32H7R7I8T6, STM32H7R7L8H6, STM32H7R7L8H6H, STM32H7R7Z8J6, STM32H7S3A8I6, STM32H7S3I8K6, STM32H7S3I8T6, STM32H7S3L8H6, STM32H7S3L8H6H, STM32H7S3R8V6, STM32H7S3V8H6, STM32H7S3V8T6, STM32H7S3V8Y6TR, STM32H7S3Z8J6, STM32H7S3Z8T6, STM32H7S78-DK, STM32H7S7A8I6, STM32H7S7I8K6, STM32H7S7I8T6, STM32H7S7L8H6, STM32H7S7L8H6H, STM32H7S7Z8J6, STM32L4R5QGI6STR, STM32MP131AAE3, STM32MP131AAF3, STM32MP131AAG3, STM32MP131CAE3, STM32MP131CAF3, STM32MP131CAG3, STM32MP131DAE7, STM32MP131DAF7, STM32MP131DAG7, STM32MP131FAE7, STM32MP131FAF7, STM32MP131FAG7, STM32MP133AAE3, STM32MP133AAF3, STM32MP133AAG3, STM32MP133CAE3, STM32MP133CAF3, STM32MP133CAG3, STM32MP133DAE7, STM32MP133DAF7, STM32MP133DAG7, STM32MP133FAE7, STM32MP133FAF7, STM32MP133FAG7, STM32MP135AAE3, STM32MP135AAF3, STM32MP135AAG3, STM32MP135CAE3, STM32MP135CAF3, STM32MP135CAG3, STM32MP135DAE7, STM32MP135DAF7, STM32MP135DAG7, STM32MP135F-DK, STM32MP135FAE7, STM32MP135FAF7, STM32MP135FAF7T, STM32MP135FAF7U, STM32MP135FAG7, STM32MP251AAI3, STM32MP251AAK3, STM32MP251AAL3, STM32MP251CAI3, STM32MP251CAK3, STM32MP251CAL3, STM32MP251DAI3, STM32MP251DAK3, STM32MP251DAL3, STM32MP251FAI3, STM32MP251FAK3, STM32MP251FAL3, STM32MP253AAI3, STM32MP253AAK3, STM32MP253AAL3, STM32MP253CAI3, STM32MP253CAK3, STM32MP253CAL3, STM32MP253DAI3, STM32MP253DAK3, STM32MP253DAL3, STM32MP253FAI3, STM32MP253FAK3, STM32MP253FAL3, STM32MP255AAI3, STM32MP255AAK3, STM32MP255AAL3, STM32MP255CAI3, STM32MP255CAK3, STM32MP255CAL3, STM32MP255DAI3, STM32MP255DAK3, STM32MP255DAL3, STM32MP255FAI3, STM32MP255FAK3, STM32MP255FAL3, STM32MP257AAI3, STM32MP257AAK3, STM32MP257AAL3, STM32MP257CAI3, STM32MP257CAK3, STM32MP257CAL3, STM32MP257DAI3, STM32MP257DAK3, STM32MP257DAL3, STM32MP257F-DK, STM32MP257F-EV1, STM32MP257FAI3, STM32MP257FAK3, STM32MP257FAL3, STM32U031C6T6, STM32U031C6U6, STM32U031C8T6, STM32U031C8U6, STM32U031F4P6, STM32U031F6P6, STM32U031F8P6, STM32U031G6Y6TR, STM32U031G8Y6TR, STM32U031K4U6, STM32U031K6U6, STM32U031K8U6, STM32U031R6I6, STM32U031R6T6, STM32U031R8I6, STM32U031R8T6, STM32U073C8T6, STM32U073C8U6, STM32U073CBT6, STM32U073CBU6, STM32U073CCT6, STM32U073CCU6, STM32U073H8Y6TR, STM32U073HBY6TR, STM32U073HCY6TR, STM32U073K8U6, STM32U073KBU6, STM32U073KCU6, STM32U073M8I6, STM32U073M8T6, STM32U073MBI6, STM32U073MBT6, STM32U073MCI6, STM32U073MCT6, STM32U073R8I6, STM32U073R8T6, STM32U073RBI6, STM32U073RBT6, STM32U073RCI6, STM32U073RCT6, STM32U083C-DK, STM32U083CCT6, STM32U083CCU6, STM32U083HCY6TR, STM32U083KCU6, STM32U083MCI6, STM32U083MCT6, STM32U083RCI6, STM32U083RCT6, STM32U535CBT6, STM32U535CBT6Q, STM32U535CBU6, STM32U535CBU6Q, STM32U535CCT6, STM32U535CCT6Q, STM32U535CCU6, STM32U535CCU6Q, STM32U535CET6, STM32U535CET6Q, STM32U535CEU6, STM32U535CEU6Q, STM32U535JEY6QTR, STM32U535NCY6QTR, STM32U535NEY6QTR, STM32U535RBI6, STM32U535RBI6Q, STM32U535RBT6, STM32U535RBT6Q, STM32U535RCI6, STM32U535RCI6Q, STM32U535RCT6, STM32U535RCT6Q, STM32U535REI6, STM32U535REI6Q, STM32U535RET6, STM32U535RET6Q, STM32U535VCI6, STM32U535VCI6Q, STM32U535VCT6, STM32U535VCT6Q, STM32U535VEI6, STM32U535VEI6Q, STM32U535VET6, STM32U535VET6Q, STM32U545CET6, STM32U545CET6Q, STM32U545CEU6, STM32U545CEU6Q, STM32U545JEY6QTR, STM32U545NEY6QTR, STM32U545REI6, STM32U545REI6Q, STM32U545RET6, STM32U545RET6Q, STM32U545VEI6, STM32U545VEI6Q, STM32U545VET6, STM32U545VET6Q, STM32U595AIH6, STM32U595AIH6Q, STM32U595AJH6, STM32U595AJH6Q, STM32U595QII6, STM32U595QII6Q, STM32U595QJI6, STM32U595QJI6Q, STM32U595RIT6, STM32U595RIT6Q, STM32U595RJT6, STM32U595RJT6Q, STM32U595VIT6, STM32U595VIT6Q, STM32U595VJT6, STM32U595VJT6Q, STM32U595ZIT6, STM32U595ZIT6Q, STM32U595ZIY6QTR, STM32U595ZJT6, STM32U595ZJT6Q, STM32U595ZJY6QTR, STM32U599BJY6QTR, STM32U599NIH6Q, STM32U599NJH6Q, STM32U599VIT6Q, STM32U599VJT6, STM32U599VJT6Q, STM32U599ZIT6Q, STM32U599ZIY6QTR, STM32U599ZJT6Q, STM32U599ZJY6QTR, STM32U5A5AJH6, STM32U5A5AJH6Q, STM32U5A5QII3Q , STM32U5A5QJI6, STM32U5A5QJI6Q, STM32U5A5RJT6, STM32U5A5RJT6Q, STM32U5A5VJT6, STM32U5A5VJT6Q, STM32U5A5ZJT6, STM32U5A5ZJT6Q, STM32U5A5ZJY6QTR, STM32U5A9BJY6QTR, STM32U5A9J-DK, STM32U5A9NJH6Q, STM32U5A9VJT6Q, STM32U5A9ZJT6Q, STM32U5A9ZJY6QTR, STM32U5F7VIT6, STM32U5F7VIT6Q, STM32U5F7VJT6, STM32U5F7VJT6Q, STM32U5F9BJY6QTR, STM32U5F9NJH6Q, STM32U5F9VIT6Q, STM32U5F9VJT6Q, STM32U5F9ZIJ6QTR, STM32U5F9ZIT6Q, STM32U5F9ZJJ6QTR, STM32U5F9ZJT6Q, STM32U5G7VJT6, STM32U5G7VJT6Q, STM32U5G9BJY6QTR, STM32U5G9J-DK1, STM32U5G9J-DK2, STM32U5G9NJH6Q, STM32U5G9VJT6Q, STM32U5G9ZJJ6QTR, STM32U5G9ZJT6Q, STM32WB05KZV6TR, STM32WB05KZV7TR, STM32WB05TZF6TR, STM32WB05TZF7TR, STM32WB06CCF6TR, STM32WB06CCF7TR, STM32WB06CCV6TR, STM32WB06CCV7TR, STM32WB06KCV6TR, STM32WB06KCV7TR, STM32WB07CCF6TR, STM32WB07CCF7TR, STM32WB07CCV6TR, STM32WB07CCV7TR, STM32WB07KCV6TR, STM32WB07KCV7TR, STM32WB09KEV6TR, STM32WB09KEV7TR, STM32WB09TEF6TR, STM32WB09TEF7TR, STM32WB1MMCH6, STM32WBA50KGU6, STM32WBA50KGU6TR, STM32WBA52CEU6, STM32WBA52CEU6TR, STM32WBA52CEU7, STM32WBA52CEU7TR, STM32WBA52CGU6, STM32WBA52CGU6TR, STM32WBA52CGU6U, STM32WBA52CGU7, STM32WBA52CGU7TR, STM32WBA52KEU6, STM32WBA52KEU6TR, STM32WBA52KGU6, STM32WBA52KGU6TR, STM32WBA54CEU6, STM32WBA54CEU6TR, STM32WBA54CEU7, STM32WBA54CEU7TR, STM32WBA54CGU6, STM32WBA54CGU6TR, STM32WBA54CGU7, STM32WBA54CGU7TR, STM32WBA54KEU6, STM32WBA54KEU6TR, STM32WBA54KEU7, STM32WBA54KEU7TR, STM32WBA54KGU6, STM32WBA54KGU6TR, STM32WBA54KGU7, STM32WBA54KGU7TR, STM32WBA55CEU6, STM32WBA55CEU6TR, STM32WBA55CEU7, STM32WBA55CEU7TR, STM32WBA55CGU6, STM32WBA55CGU6TR, STM32WBA55CGU6U, STM32WBA55CGU7, STM32WBA55CGU7TR, STM32WBA55G-DK1, STM32WBA55HEF6, STM32WBA55HEF7, STM32WBA55HGF6, STM32WBA55HGF7, STM32WBA55UEI6, STM32WBA55UEI6TR, STM32WBA55UEI7, STM32WBA55UEI7TR, STM32WBA55UGI6, STM32WBA55UGI6TR, STM32WBA55UGI7, STM32WBA55UGI7TR, STM32WL5MOCH6, STM32WL5MOCH6TR]
2024-10-16 22:24:49,506 [INFO] DbMcus:218 - Found 4252 MCUs, 4252 are supported
2024-10-16 22:24:49,507 [INFO] ApiDb:414 - User favorites file not found: C:\Users\duvvu/.stm32cubeide/favorites.mcus.txt
2024-10-16 22:24:49,508 [INFO] DbMcus:224 - Set 0 / 0 favorites MCUs
2024-10-16 22:24:49,969 [INFO] ApiDb:668 - CubeFinder database Data Model version=2.1
2024-10-16 22:24:49,969 [INFO] ApiDb:669 - CubeFinder database Configuration version=3.0.39
2024-10-16 22:24:49,969 [INFO] ApiDb:670 - CubeFinder database generation date=2024-09-16 (1726485674)
2024-10-16 22:24:49,969 [INFO] ApiDb:671 - CubeFinder database FW Pack versions=[FP-ATR-ASTRA1_V2.0.0, FP-SNS-FLIGHT1_V5.0.2, FP-SNS-MOTENV1_V5.0.0, FP-SNS-MOTENVWB1_V1.4.0, FP-SNS-SMARTAG2_V1.2.0, FP-SNS-STBOX1_V2.0.0, STM32Cube_FW_C0_V1.2.0, STM32Cube_FW_F4_V1.28.1, STM32Cube_FW_F7_V1.17.2, STM32Cube_FW_G0_V1.6.2, STM32Cube_FW_G4_V1.6.0, STM32Cube_FW_H5_V1.3.0, STM32Cube_FW_H7RS_V1.1.0, STM32Cube_FW_H7_V1.11.2, STM32Cube_FW_L0_V1.12.2, STM32Cube_FW_L5_V1.5.1, STM32Cube_FW_U0_V1.1.0, STM32Cube_FW_U5_V1.6.0, STM32Cube_FW_WB0_V1.0.0, STM32Cube_FW_WBA_V1.4.1, STM32Cube_FW_WB_V1.20.0, STM32Cube_FW_WL_V1.3.0, X-CUBE-ALGOBUILD_V1.4.0, X-CUBE-ALS_V1.0.2, X-CUBE-AZRTOS-F4_V1.1.0, X-CUBE-AZRTOS-F7_V1.1.0, X-CUBE-AZRTOS-G0_V1.1.0, X-CUBE-AZRTOS-G4_V2.0.0, X-CUBE-AZRTOS-H7RS_V1.0.0, X-CUBE-AZRTOS-H7_V3.2.0, X-CUBE-AZRTOS-L4_V2.0.0, X-CUBE-AZRTOS-L5_V2.0.0, X-CUBE-AZRTOS-WB_V2.0.0, X-CUBE-AZRTOS-WL_V2.0.0, X-CUBE-BLE1_V7.0.0, X-CUBE-BLE2_V3.3.0, X-CUBE-BLEMGR_V3.1.0, X-CUBE-EEPRMA1_V5.1.0, X-CUBE-FREERTOS_V1.2.0, X-CUBE-GNSS1_V6.0.0, X-CUBE-MEMS1_V11.0.0, X-CUBE-NFC4_V3.0.0, X-CUBE-NFC7_V1.0.1, X-CUBE-SFXS2LP1_V4.0.0, X-CUBE-SUBG2_V5.0.0, X-CUBE-TOF1_V3.4.2]
2024-10-16 22:24:50,019 [INFO] DbBoardsSqlite:226 - include board P-NUCLEO-WB55-NUCLEO as a kit item of type 'Nucleo-64'
2024-10-16 22:24:50,019 [INFO] DbBoardsSqlite:226 - include board P-NUCLEO-WB55-USBDONGLE as a kit item of type 'Nucleo USB Dongle'
2024-10-16 22:24:50,020 [INFO] DbBoardsSqlite:226 - include board STEVAL-IDP005V1 as a kit item of type 'Evaluation Board'
2024-10-16 22:24:50,020 [INFO] DbBoardsSqlite:226 - include board STEVAL-IDP005V2 as a kit item of type 'Evaluation Board'
2024-10-16 22:24:50,074 [INFO] ApiDb:240 - Found 646 in-development CPN: [B-G473E-ZEST1S, B-WB1M-WPAN1, B-WL5M-SUBG1, NUCLEO-C031C6, NUCLEO-C071RB, NUCLEO-H503RB, NUCLEO-H533RE, NUCLEO-H563ZI, NUCLEO-H7S3L8, NUCLEO-U031R8, NUCLEO-U083RC, NUCLEO-U545RE-Q, NUCLEO-U5A5ZJ-Q, NUCLEO-WB05KZ, NUCLEO-WB07CC, NUCLEO-WB09KE, NUCLEO-WBA52CG, NUCLEO-WBA55CG, STEVAL-PROTEUS1, STEVAL-SMARTAG2, STEVAL-STWINBX1, STM320518-EVAL, STM32C0116-DK, STM32C011D6Y3TR, STM32C011D6Y6TR, STM32C011F4P3, STM32C011F4P6, STM32C011F4U3, STM32C011F4U6TR, STM32C011F6P3, STM32C011F6P6, STM32C011F6U3, STM32C011F6U6TR, STM32C011J4M3, STM32C011J4M6, STM32C011J6M3, STM32C011J6M6, STM32C0316-DK, STM32C031C4T3, STM32C031C4T6, STM32C031C4U3, STM32C031C4U6, STM32C031C6T3, STM32C031C6T6, STM32C031C6U3, STM32C031C6U6, STM32C031F4P3, STM32C031F4P6, STM32C031F6P3, STM32C031F6P6, STM32C031G4U3, STM32C031G4U6, STM32C031G6U3, STM32C031G6U6, STM32C031K4T3, STM32C031K4T6, STM32C031K4U3, STM32C031K4U6, STM32C031K6T3, STM32C031K6T6, STM32C031K6U3, STM32C031K6U6, STM32C071C8T6, STM32C071C8T6N, STM32C071C8U6, STM32C071C8U6N, STM32C071CBT6, STM32C071CBT6N, STM32C071CBU6, STM32C071CBU6N, STM32C071F8P6, STM32C071F8P6N, STM32C071FBP6, STM32C071FBP6N, STM32C071FBY6TR, STM32C071G8U6, STM32C071G8U6N, STM32C071GBU6, STM32C071GBU6N, STM32C071K8T6, STM32C071K8T6N, STM32C071K8U6, STM32C071K8U6N, STM32C071KBT6, STM32C071KBT6N, STM32C071KBU6, STM32C071KBU6N, STM32C071R8T6, STM32C071R8T6N, STM32C071RBI6N, STM32C071RBT6, STM32C071RBT6N, STM32G071K8TXN, STM32G071K8UXN, STM32G081GBU6N, STM32G081KBT6N, STM32G081KBUXN, STM32G0B1CCT6N, STM32G0B1KCT6, STM32G0B1NEY6TR, STM32G0B1RCT6N, STM32G0C1CCT6, STM32G0C1CCT6N, STM32G0C1CCU6N, STM32G0C1CET6N, STM32G0C1CEU6N, STM32G0C1KCT6, STM32G0C1NEY6TR, STM32G0C1RCI6N, STM32G0C1RCT6N, STM32G0C1REI6N, STM32G0C1RET6N, STM32G0C1VCI6, STM32G0C1VEI6, STM32G411C6T3, STM32G411C6T6, STM32G411C6U3, STM32G411C6U6, STM32G411C8T3, STM32G411C8T6, STM32G411C8U3, STM32G411C8U6, STM32G411CBT3, STM32G411CBT6, STM32G411CBU3, STM32G411CBU6, STM32G411K6T3, STM32G411K6T6, STM32G411K6U3, STM32G411K6U6, STM32G411K8T3, STM32G411K8T6, STM32G411K8U3, STM32G411K8U6, STM32G411KBT3, STM32G411KBT6, STM32G411KBU3, STM32G411KBU6, STM32G411M6T3, STM32G411M6T6, STM32G411M8T3, STM32G411M8T6, STM32G411MBT3, STM32G411MBT6, STM32G411R6T3, STM32G411R6T6, STM32G411R8T3, STM32G411R8T6, STM32G411RBT3, STM32G411RBT6, STM32G414CBT3, STM32G414CBT6, STM32G414CBU3, STM32G414CBU6, STM32G414CCT3, STM32G414CCT6, STM32G414CCU3, STM32G414CCU6, STM32G414MBT3, STM32G414MBT6, STM32G414MCT3, STM32G414MCT6, STM32G414RBT3, STM32G414RBT6, STM32G414RCT3, STM32G414RCT6, STM32G414VBT3, STM32G414VBT6, STM32G414VCT3, STM32G414VCT6, STM32G431CBT3Z, STM32G431RBT3Z, STM32G471CCT6, STM32G471CCU6, STM32G471CET3, STM32G471CET6, STM32G471CEU3, STM32G471CEU6, STM32G471MCT6, STM32G471MET3, STM32G471MET6, STM32G471MEY6TR, STM32G471QCT6, STM32G471QET3, STM32G471RCT6, STM32G471RET3, STM32G471RET6, STM32G471VCH6, STM32G471VCI6, STM32G471VCT6, STM32G471VEH3, STM32G471VEH6, STM32G471VEI3, STM32G471VEI6, STM32G471VET3, STM32G471VET6, STM32G473QET3Z, STM32G473RET3Z, STM32G474CCT6, STM32G491RET3Z, STM32H503CBT6, STM32H503CBU6, STM32H503EBY6TR, STM32H503KBU6, STM32H503RBT6, STM32H523CCT6, STM32H523CCU6, STM32H523CET6, STM32H523CEU6, STM32H523HEY6TR, STM32H523RCT6, STM32H523RET6, STM32H523VCI6, STM32H523VCT6, STM32H523VEI6, STM32H523VET6, STM32H523ZCJ6, STM32H523ZCT6, STM32H523ZEJ6, STM32H523ZET6, STM32H533CET6, STM32H533CEU6, STM32H533HEY6TR, STM32H533RET6, STM32H533VEI6, STM32H533VET6, STM32H533ZEJ6, STM32H533ZET6, STM32H562AGI6, STM32H562AII6, STM32H562IGK6, STM32H562IGT6, STM32H562IIK6, STM32H562IIT6, STM32H562RGT6, STM32H562RGV6, STM32H562RIT6, STM32H562RIV6, STM32H562VGT6, STM32H562VIT6, STM32H562ZGT6, STM32H562ZIT6, STM32H563AGI6, STM32H563AII3Q, STM32H563AII6, STM32H563IGK6, STM32H563IGT6, STM32H563IIK3Q, STM32H563IIK6, STM32H563IIT3Q, STM32H563IIT6, STM32H563MIY3QTR, STM32H563RGT6, STM32H563RGV6, STM32H563RIT6, STM32H563RIV6, STM32H563VGT6, STM32H563VIT3Q, STM32H563VIT6, STM32H563ZGT6, STM32H563ZIT3Q, STM32H563ZIT6, STM32H573AII3Q, STM32H573AII6, STM32H573I-DK, STM32H573IIK3Q, STM32H573IIK6, STM32H573IIT3Q, STM32H573IIT6, STM32H573MIY3QTR, STM32H573RIT6, STM32H573RIV6, STM32H573VIT3Q, STM32H573VIT6, STM32H573ZIT3Q, STM32H573ZIT6, STM32H7R3A8I6, STM32H7R3I8K6, STM32H7R3I8T6, STM32H7R3L8H6, STM32H7R3L8H6H, STM32H7R3R8V6, STM32H7R3V8H6, STM32H7R3V8T6, STM32H7R3V8Y6TR, STM32H7R3Z8J6, STM32H7R3Z8T6, STM32H7R7A8I6, STM32H7R7I8K6, STM32H7R7I8T6, STM32H7R7L8H6, STM32H7R7L8H6H, STM32H7R7Z8J6, STM32H7S3A8I6, STM32H7S3I8K6, STM32H7S3I8T6, STM32H7S3L8H6, STM32H7S3L8H6H, STM32H7S3R8V6, STM32H7S3V8H6, STM32H7S3V8T6, STM32H7S3V8Y6TR, STM32H7S3Z8J6, STM32H7S3Z8T6, STM32H7S78-DK, STM32H7S7A8I6, STM32H7S7I8K6, STM32H7S7I8T6, STM32H7S7L8H6, STM32H7S7L8H6H, STM32H7S7Z8J6, STM32L4R5QGI6STR, STM32MP131AAE3, STM32MP131AAF3, STM32MP131AAG3, STM32MP131CAE3, STM32MP131CAF3, STM32MP131CAG3, STM32MP131DAE7, STM32MP131DAF7, STM32MP131DAG7, STM32MP131FAE7, STM32MP131FAF7, STM32MP131FAG7, STM32MP133AAE3, STM32MP133AAF3, STM32MP133AAG3, STM32MP133CAE3, STM32MP133CAF3, STM32MP133CAG3, STM32MP133DAE7, STM32MP133DAF7, STM32MP133DAG7, STM32MP133FAE7, STM32MP133FAF7, STM32MP133FAG7, STM32MP135AAE3, STM32MP135AAF3, STM32MP135AAG3, STM32MP135CAE3, STM32MP135CAF3, STM32MP135CAG3, STM32MP135DAE7, STM32MP135DAF7, STM32MP135DAG7, STM32MP135F-DK, STM32MP135FAE7, STM32MP135FAF7, STM32MP135FAF7T, STM32MP135FAF7U, STM32MP135FAG7, STM32MP251AAI3, STM32MP251AAK3, STM32MP251AAL3, STM32MP251CAI3, STM32MP251CAK3, STM32MP251CAL3, STM32MP251DAI3, STM32MP251DAK3, STM32MP251DAL3, STM32MP251FAI3, STM32MP251FAK3, STM32MP251FAL3, STM32MP253AAI3, STM32MP253AAK3, STM32MP253AAL3, STM32MP253CAI3, STM32MP253CAK3, STM32MP253CAL3, STM32MP253DAI3, STM32MP253DAK3, STM32MP253DAL3, STM32MP253FAI3, STM32MP253FAK3, STM32MP253FAL3, STM32MP255AAI3, STM32MP255AAK3, STM32MP255AAL3, STM32MP255CAI3, STM32MP255CAK3, STM32MP255CAL3, STM32MP255DAI3, STM32MP255DAK3, STM32MP255DAL3, STM32MP255FAI3, STM32MP255FAK3, STM32MP255FAL3, STM32MP257AAI3, STM32MP257AAK3, STM32MP257AAL3, STM32MP257CAI3, STM32MP257CAK3, STM32MP257CAL3, STM32MP257DAI3, STM32MP257DAK3, STM32MP257DAL3, STM32MP257F-DK, STM32MP257F-EV1, STM32MP257FAI3, STM32MP257FAK3, STM32MP257FAL3, STM32U031C6T6, STM32U031C6U6, STM32U031C8T6, STM32U031C8U6, STM32U031F4P6, STM32U031F6P6, STM32U031F8P6, STM32U031G6Y6TR, STM32U031G8Y6TR, STM32U031K4U6, STM32U031K6U6, STM32U031K8U6, STM32U031R6I6, STM32U031R6T6, STM32U031R8I6, STM32U031R8T6, STM32U073C8T6, STM32U073C8U6, STM32U073CBT6, STM32U073CBU6, STM32U073CCT6, STM32U073CCU6, STM32U073H8Y6TR, STM32U073HBY6TR, STM32U073HCY6TR, STM32U073K8U6, STM32U073KBU6, STM32U073KCU6, STM32U073M8I6, STM32U073M8T6, STM32U073MBI6, STM32U073MBT6, STM32U073MCI6, STM32U073MCT6, STM32U073R8I6, STM32U073R8T6, STM32U073RBI6, STM32U073RBT6, STM32U073RCI6, STM32U073RCT6, STM32U083C-DK, STM32U083CCT6, STM32U083CCU6, STM32U083HCY6TR, STM32U083KCU6, STM32U083MCI6, STM32U083MCT6, STM32U083RCI6, STM32U083RCT6, STM32U535CBT6, STM32U535CBT6Q, STM32U535CBU6, STM32U535CBU6Q, STM32U535CCT6, STM32U535CCT6Q, STM32U535CCU6, STM32U535CCU6Q, STM32U535CET6, STM32U535CET6Q, STM32U535CEU6, STM32U535CEU6Q, STM32U535JEY6QTR, STM32U535NCY6QTR, STM32U535NEY6QTR, STM32U535RBI6, STM32U535RBI6Q, STM32U535RBT6, STM32U535RBT6Q, STM32U535RCI6, STM32U535RCI6Q, STM32U535RCT6, STM32U535RCT6Q, STM32U535REI6, STM32U535REI6Q, STM32U535RET6, STM32U535RET6Q, STM32U535VCI6, STM32U535VCI6Q, STM32U535VCT6, STM32U535VCT6Q, STM32U535VEI6, STM32U535VEI6Q, STM32U535VET6, STM32U535VET6Q, STM32U545CET6, STM32U545CET6Q, STM32U545CEU6, STM32U545CEU6Q, STM32U545JEY6QTR, STM32U545NEY6QTR, STM32U545REI6, STM32U545REI6Q, STM32U545RET6, STM32U545RET6Q, STM32U545VEI6, STM32U545VEI6Q, STM32U545VET6, STM32U545VET6Q, STM32U595AIH6, STM32U595AIH6Q, STM32U595AJH6, STM32U595AJH6Q, STM32U595QII6, STM32U595QII6Q, STM32U595QJI6, STM32U595QJI6Q, STM32U595RIT6, STM32U595RIT6Q, STM32U595RJT6, STM32U595RJT6Q, STM32U595VIT6, STM32U595VIT6Q, STM32U595VJT6, STM32U595VJT6Q, STM32U595ZIT6, STM32U595ZIT6Q, STM32U595ZIY6QTR, STM32U595ZJT6, STM32U595ZJT6Q, STM32U595ZJY6QTR, STM32U599BJY6QTR, STM32U599NIH6Q, STM32U599NJH6Q, STM32U599VIT6Q, STM32U599VJT6, STM32U599VJT6Q, STM32U599ZIT6Q, STM32U599ZIY6QTR, STM32U599ZJT6Q, STM32U599ZJY6QTR, STM32U5A5AJH6, STM32U5A5AJH6Q, STM32U5A5QII3Q , STM32U5A5QJI6, STM32U5A5QJI6Q, STM32U5A5RJT6, STM32U5A5RJT6Q, STM32U5A5VJT6, STM32U5A5VJT6Q, STM32U5A5ZJT6, STM32U5A5ZJT6Q, STM32U5A5ZJY6QTR, STM32U5A9BJY6QTR, STM32U5A9J-DK, STM32U5A9NJH6Q, STM32U5A9VJT6Q, STM32U5A9ZJT6Q, STM32U5A9ZJY6QTR, STM32U5F7VIT6, STM32U5F7VIT6Q, STM32U5F7VJT6, STM32U5F7VJT6Q, STM32U5F9BJY6QTR, STM32U5F9NJH6Q, STM32U5F9VIT6Q, STM32U5F9VJT6Q, STM32U5F9ZIJ6QTR, STM32U5F9ZIT6Q, STM32U5F9ZJJ6QTR, STM32U5F9ZJT6Q, STM32U5G7VJT6, STM32U5G7VJT6Q, STM32U5G9BJY6QTR, STM32U5G9J-DK1, STM32U5G9J-DK2, STM32U5G9NJH6Q, STM32U5G9VJT6Q, STM32U5G9ZJJ6QTR, STM32U5G9ZJT6Q, STM32WB05KZV6TR, STM32WB05KZV7TR, STM32WB05TZF6TR, STM32WB05TZF7TR, STM32WB06CCF6TR, STM32WB06CCF7TR, STM32WB06CCV6TR, STM32WB06CCV7TR, STM32WB06KCV6TR, STM32WB06KCV7TR, STM32WB07CCF6TR, STM32WB07CCF7TR, STM32WB07CCV6TR, STM32WB07CCV7TR, STM32WB07KCV6TR, STM32WB07KCV7TR, STM32WB09KEV6TR, STM32WB09KEV7TR, STM32WB09TEF6TR, STM32WB09TEF7TR, STM32WB1MMCH6, STM32WBA50KGU6, STM32WBA50KGU6TR, STM32WBA52CEU6, STM32WBA52CEU6TR, STM32WBA52CEU7, STM32WBA52CEU7TR, STM32WBA52CGU6, STM32WBA52CGU6TR, STM32WBA52CGU6U, STM32WBA52CGU7, STM32WBA52CGU7TR, STM32WBA52KEU6, STM32WBA52KEU6TR, STM32WBA52KGU6, STM32WBA52KGU6TR, STM32WBA54CEU6, STM32WBA54CEU6TR, STM32WBA54CEU7, STM32WBA54CEU7TR, STM32WBA54CGU6, STM32WBA54CGU6TR, STM32WBA54CGU7, STM32WBA54CGU7TR, STM32WBA54KEU6, STM32WBA54KEU6TR, STM32WBA54KEU7, STM32WBA54KEU7TR, STM32WBA54KGU6, STM32WBA54KGU6TR, STM32WBA54KGU7, STM32WBA54KGU7TR, STM32WBA55CEU6, STM32WBA55CEU6TR, STM32WBA55CEU7, STM32WBA55CEU7TR, STM32WBA55CGU6, STM32WBA55CGU6TR, STM32WBA55CGU6U, STM32WBA55CGU7, STM32WBA55CGU7TR, STM32WBA55G-DK1, STM32WBA55HEF6, STM32WBA55HEF7, STM32WBA55HGF6, STM32WBA55HGF7, STM32WBA55UEI6, STM32WBA55UEI6TR, STM32WBA55UEI7, STM32WBA55UEI7TR, STM32WBA55UGI6, STM32WBA55UGI6TR, STM32WBA55UGI7, STM32WBA55UGI7TR, STM32WL5MOCH6, STM32WL5MOCH6TR]
2024-10-16 22:24:50,229 [INFO] BoardInfo:889 - No configuration file found for board P-NUCLEO-WB55
2024-10-16 22:24:50,230 [INFO] DbBoards:161 - Kit is not supported: P-NUCLEO-WB55
2024-10-16 22:24:50,234 [INFO] BoardInfo:889 - No configuration file found for board STEVAL-BFA001V1B
2024-10-16 22:24:50,235 [INFO] DbBoards:161 - Kit is not supported: STEVAL-BFA001V1B
2024-10-16 22:24:50,236 [INFO] BoardInfo:889 - No configuration file found for board STEVAL-BFA001V2B
2024-10-16 22:24:50,236 [INFO] DbBoards:161 - Kit is not supported: STEVAL-BFA001V2B
2024-10-16 22:24:50,418 [INFO] DbBoards:168 - Found 201 boards, 198 are supported
2024-10-16 22:24:50,418 [INFO] DbBoards:169 - Found 201 boards, 25 of them is supported for  Bsp
2024-10-16 22:24:50,420 [INFO] ApiDb:414 - User favorites file not found: C:\Users\duvvu/.stm32cubeide/favorites.boards.txt
2024-10-16 22:24:50,420 [INFO] DbBoards:198 - Set 0 / 0 favorites Boards
2024-10-16 22:24:50,422 [INFO] ApiDb:668 - CubeFinder database Data Model version=2.1
2024-10-16 22:24:50,422 [INFO] ApiDb:669 - CubeFinder database Configuration version=3.0.39
2024-10-16 22:24:50,422 [INFO] ApiDb:670 - CubeFinder database generation date=2024-09-16 (1726485674)
2024-10-16 22:24:50,423 [INFO] ApiDb:671 - CubeFinder database FW Pack versions=[FP-ATR-ASTRA1_V2.0.0, FP-SNS-FLIGHT1_V5.0.2, FP-SNS-MOTENV1_V5.0.0, FP-SNS-MOTENVWB1_V1.4.0, FP-SNS-SMARTAG2_V1.2.0, FP-SNS-STBOX1_V2.0.0, STM32Cube_FW_C0_V1.2.0, STM32Cube_FW_F4_V1.28.1, STM32Cube_FW_F7_V1.17.2, STM32Cube_FW_G0_V1.6.2, STM32Cube_FW_G4_V1.6.0, STM32Cube_FW_H5_V1.3.0, STM32Cube_FW_H7RS_V1.1.0, STM32Cube_FW_H7_V1.11.2, STM32Cube_FW_L0_V1.12.2, STM32Cube_FW_L5_V1.5.1, STM32Cube_FW_U0_V1.1.0, STM32Cube_FW_U5_V1.6.0, STM32Cube_FW_WB0_V1.0.0, STM32Cube_FW_WBA_V1.4.1, STM32Cube_FW_WB_V1.20.0, STM32Cube_FW_WL_V1.3.0, X-CUBE-ALGOBUILD_V1.4.0, X-CUBE-ALS_V1.0.2, X-CUBE-AZRTOS-F4_V1.1.0, X-CUBE-AZRTOS-F7_V1.1.0, X-CUBE-AZRTOS-G0_V1.1.0, X-CUBE-AZRTOS-G4_V2.0.0, X-CUBE-AZRTOS-H7RS_V1.0.0, X-CUBE-AZRTOS-H7_V3.2.0, X-CUBE-AZRTOS-L4_V2.0.0, X-CUBE-AZRTOS-L5_V2.0.0, X-CUBE-AZRTOS-WB_V2.0.0, X-CUBE-AZRTOS-WL_V2.0.0, X-CUBE-BLE1_V7.0.0, X-CUBE-BLE2_V3.3.0, X-CUBE-BLEMGR_V3.1.0, X-CUBE-EEPRMA1_V5.1.0, X-CUBE-FREERTOS_V1.2.0, X-CUBE-GNSS1_V6.0.0, X-CUBE-MEMS1_V11.0.0, X-CUBE-NFC4_V3.0.0, X-CUBE-NFC7_V1.0.1, X-CUBE-SFXS2LP1_V4.0.0, X-CUBE-SUBG2_V5.0.0, X-CUBE-TOF1_V3.4.2]
2024-10-16 22:24:51,105 [ERROR] DbExamplesSqlite:437 - Missing JSON key: board_cpn
2024-10-16 22:24:51,105 [ERROR] DbExamplesSqlite:437 - Missing JSON key: board_cpn
2024-10-16 22:24:51,105 [ERROR] DbExamplesSqlite:437 - Missing JSON key: board_cpn
2024-10-16 22:24:51,105 [ERROR] DbExamplesSqlite:437 - Missing JSON key: board_cpn
2024-10-16 22:24:51,242 [ERROR] DbExamplesSqlite:437 - Missing JSON key: board_cpn
2024-10-16 22:24:51,243 [ERROR] DbExamplesSqlite:437 - Missing JSON key: board_cpn
2024-10-16 22:24:51,243 [ERROR] DbExamplesSqlite:437 - Missing JSON key: board_cpn
2024-10-16 22:24:51,243 [ERROR] DbExamplesSqlite:437 - Missing JSON key: board_cpn
2024-10-16 22:24:51,244 [ERROR] DbExamplesSqlite:437 - Missing JSON key: board_cpn
2024-10-16 22:24:51,244 [ERROR] DbExamplesSqlite:437 - Missing JSON key: board_cpn
2024-10-16 22:24:51,244 [ERROR] DbExamplesSqlite:437 - Missing JSON key: board_cpn
2024-10-16 22:24:51,244 [ERROR] DbExamplesSqlite:437 - Missing JSON key: board_cpn
2024-10-16 22:24:51,244 [ERROR] DbExamplesSqlite:437 - Missing JSON key: board_cpn
2024-10-16 22:24:51,246 [INFO] DbExamplesSqlite:395 - Ignored 28 examples not supported by CubeIDE
2024-10-16 22:24:51,246 [INFO] DbExamplesSqlite:396 - Found 8614 examples active
2024-10-16 22:24:51,246 [INFO] DbExamplesSqlite:397 - Found 0 examples obsolete
2024-10-16 22:24:51,246 [INFO] DbExamplesSqlite:398 - Found 0 examples under development
2024-10-16 22:24:51,246 [INFO] DbExamplesSqlite:399 - Found 10 examples not building
2024-10-16 22:24:51,249 [INFO] DbExamples:125 - Found 8596 examples
2024-10-16 22:24:51,264 [INFO] DbExamples:222 - Found 108 boards with related examples
2024-10-16 22:24:51,266 [INFO] DbExamples:235 - Found 90 MCUs with related examples
2024-10-16 22:24:51,287 [INFO] ApiDb:414 - User favorites file not found: C:\Users\duvvu/.stm32cubeide/favorites.examples.txt
2024-10-16 22:24:51,287 [INFO] DbExamples:250 - Set 0 / 0 favorites Examples
2024-10-16 22:24:51,603 [INFO] McuFinderGlobals:76 - Set McuFinderConnectedMode to true
2024-10-16 22:24:51,611 [INFO] MultiScanPanel:200 - Auto-refresh data requested => check proxy status ongoing
2024-10-16 22:24:51,616 [INFO] FinderPluginLoader:95 - Searching for filters in installed packs
2024-10-16 22:24:52,915 [INFO] LoadUrlFilesThread:185 - End of LoadServerUrlFiles without Thread
2024-10-16 22:24:52,955 [INFO] DetailPanel:341 - Set advertising image to C:/Users/duvvu/STM32Cube/Repository/\en.prom-stm32c071-usb-memories-mcu-finder.png
2024-10-16 22:24:57,363 [INFO] MultiScanPanel:200 - Auto-refresh data requested => check proxy status ongoing
2024-10-16 22:24:57,511 [INFO] LoadUrlFilesThread:185 - End of LoadServerUrlFiles without Thread
2024-10-16 22:24:57,511 [INFO] DetailPanel:341 - Set advertising image to C:/Users/duvvu/STM32Cube/Repository/\en.prom-stm32c071-usb-memories-mcu-finder.png
2024-10-16 22:24:57,524 [INFO] DbBoards:642 - Loading board mini-images...
2024-10-16 22:24:57,644 [ERROR] DbBoards:659 - Image file not found for board NUCLEO-C071RB: C:\Users\duvvu\.stmcufinder\plugins\mcufinder//mcu//boards_images/NUCLEO-C071RB.jpg
2024-10-16 22:24:58,242 [ERROR] DbBoards:659 - Image file not found for board NUCLEO-WB05KZ: C:\Users\duvvu\.stmcufinder\plugins\mcufinder//mcu//boards_images/NUCLEO-WB05KZ.jpg
2024-10-16 22:24:59,075 [INFO] DbBoards:665 - Loaded 199 board mini-images
2024-10-16 22:26:34,357 [INFO] ServerAccessManage:473 - Download File DB2196.pdf
2024-10-16 22:26:34,640 [INFO] LoadUrlFilesThread:156 - End of LoadUrlFiles Thread
2024-10-16 22:26:34,677 [INFO] BoardAction:139 - Datasheet
2024-10-16 22:26:43,350 [INFO] BoardAction:75 - Docs & Resources
2024-10-16 22:26:53,290 [INFO] ServerAccessManage:473 - Download File UM1727.pdf
2024-10-16 22:26:53,808 [INFO] LoadUrlFilesThread:156 - End of LoadUrlFiles Thread
2024-10-16 22:27:03,882 [INFO] ServerAccessManage:473 - Download File UM1724.pdf
2024-10-16 22:27:04,515 [INFO] LoadUrlFilesThread:156 - End of LoadUrlFiles Thread
2024-10-16 22:27:18,779 [INFO] ServerAccessManage:473 - Download File 19167.pdf
2024-10-16 22:27:19,098 [INFO] LoadUrlFilesThread:156 - End of LoadUrlFiles Thread
2024-10-16 22:27:44,024 [INFO] ServerAccessManage:473 - Download File 
2024-10-16 22:27:44,090 [INFO] LoadUrlFilesThread:185 - End of LoadServerUrlFiles without Thread
2024-10-16 22:27:44,113 [INFO] BoardAction:170 - Large Picture
2024-10-16 22:27:47,305 [INFO] BoardAction:48 - Features
2024-10-16 22:29:17,217 [INFO] McuFinderGlobals:76 - Set McuFinderConnectedMode to true
2024-10-16 22:29:17,222 [INFO] ApiDb:448 - Save user favorites file C:\Users\duvvu/.stm32cubeide/favorites.mcus.txt: 0 item(s)
2024-10-16 22:29:17,222 [INFO] ApiDb:452 - User favorites MCUs=[]
2024-10-16 22:29:17,225 [INFO] ApiDb:448 - Save user favorites file C:\Users\duvvu/.stm32cubeide/favorites.boards.txt: 0 item(s)
2024-10-16 22:29:17,225 [INFO] ApiDb:452 - User favorites Boards=[]
